[MODIFIED] /Users/meli/Desktop/Kevin/UCB/EECS 16A/questionBank/timestamp.sty
  Backup: Backup: /Users/meli/Desktop/Kevin/UCB/EECS 16A/questionBank/timestamp.sty.bak
  Changes: ['Normalized/Injected accessibility package loader in timestamp.sty']
[MODIFIED] /Users/meli/Desktop/Kevin/UCB/EECS 16A/questionBank/ee16_copy.sty
  Backup: Backup: /Users/meli/Desktop/Kevin/UCB/EECS 16A/questionBank/ee16_copy.sty.bak
  Changes: ['Inserted \\accessibletitle storage macro in ee16_copy.sty', 'Inserted \\title setter in ee16_copy.sty', 'Normalized title H1 render in ee16_copy.sty', 'Updated footer title references in ee16_copy.sty', 'Updated \\qns in ee16_copy.sty', 'Updated \\q in ee16_copy.sty', 'Normalized/Injected accessibility package loader in ee16_copy.sty']
[MODIFIED] /Users/meli/Desktop/Kevin/UCB/EECS 16A/questionBank/markup.sty
  Backup: Backup: /Users/meli/Desktop/Kevin/UCB/EECS 16A/questionBank/markup.sty.bak
  Changes: ['Normalized/Injected accessibility package loader in markup.sty']
[MODIFIED] /Users/meli/Desktop/Kevin/UCB/EECS 16A/questionBank/ee16.sty
  Backup: Backup: /Users/meli/Desktop/Kevin/UCB/EECS 16A/questionBank/ee16.sty.bak
  Changes: ['Inserted \\accessibletitle storage macro in ee16.sty', 'Inserted \\title setter in ee16.sty', 'Normalized title H1 render in ee16.sty', 'Updated footer title references in ee16.sty', 'Updated \\qns in ee16.sty', 'Updated \\q in ee16.sty', 'Normalized/Injected accessibility package loader in ee16.sty']
[UNCHANGED] /Users/meli/Desktop/Kevin/UCB/EECS 16A/questionBank/accessibility_format.sty
[MODIFIED] /Users/meli/Desktop/Kevin/UCB/EECS 16A/questionBank/su24/su24.sty
  Backup: Backup: /Users/meli/Desktop/Kevin/UCB/EECS 16A/questionBank/su24/su24.sty.bak
  Changes: ['Normalized/Injected accessibility package loader in su24.sty']
[MODIFIED] /Users/meli/Desktop/Kevin/UCB/EECS 16A/questionBank/su24/hw/6/circuitikz.sty
  Backup: Backup: /Users/meli/Desktop/Kevin/UCB/EECS 16A/questionBank/su24/hw/6/circuitikz.sty.bak
  Changes: ['Normalized/Injected accessibility package loader in circuitikz.sty']
[MODIFIED] /Users/meli/Desktop/Kevin/UCB/EECS 16A/questionBank/su24/hw/10/circuitikz.sty
  Backup: Backup: /Users/meli/Desktop/Kevin/UCB/EECS 16A/questionBank/su24/hw/10/circuitikz.sty.bak
  Changes: ['Normalized/Injected accessibility package loader in circuitikz.sty']
[MODIFIED] /Users/meli/Desktop/Kevin/UCB/EECS 16A/questionBank/su24/hw/8/circuitikz.sty
  Backup: Backup: /Users/meli/Desktop/Kevin/UCB/EECS 16A/questionBank/su24/hw/8/circuitikz.sty.bak
  Changes: ['Normalized/Injected accessibility package loader in circuitikz.sty']
[MODIFIED] /Users/meli/Desktop/Kevin/UCB/EECS 16A/questionBank/fa24/fa24.sty
  Backup: Backup: /Users/meli/Desktop/Kevin/UCB/EECS 16A/questionBank/fa24/fa24.sty.bak
  Changes: ['Normalized/Injected accessibility package loader in fa24.sty']
[MODIFIED] /Users/meli/Desktop/Kevin/UCB/EECS 16A/questionBank/fa24/hw/9/circuitikz.sty
  Backup: Backup: /Users/meli/Desktop/Kevin/UCB/EECS 16A/questionBank/fa24/hw/9/circuitikz.sty.bak
  Changes: ['Normalized/Injected accessibility package loader in circuitikz.sty']
[MODIFIED] /Users/meli/Desktop/Kevin/UCB/EECS 16A/questionBank/fa24/hw/6/circuitikz.sty
  Backup: Backup: /Users/meli/Desktop/Kevin/UCB/EECS 16A/questionBank/fa24/hw/6/circuitikz.sty.bak
  Changes: ['Normalized/Injected accessibility package loader in circuitikz.sty']
[MODIFIED] /Users/meli/Desktop/Kevin/UCB/EECS 16A/questionBank/fa24/hw/8/circuitikz.sty
  Backup: Backup: /Users/meli/Desktop/Kevin/UCB/EECS 16A/questionBank/fa24/hw/8/circuitikz.sty.bak
  Changes: ['Normalized/Injected accessibility package loader in circuitikz.sty']
[MODIFIED] /Users/meli/Desktop/Kevin/UCB/EECS 16A/questionBank/fa24/hw/10-old/circuitikz.sty
  Backup: Backup: /Users/meli/Desktop/Kevin/UCB/EECS 16A/questionBank/fa24/hw/10-old/circuitikz.sty.bak
  Changes: ['Normalized/Injected accessibility package loader in circuitikz.sty']
[MODIFIED] /Users/meli/Desktop/Kevin/UCB/EECS 16A/questionBank/fa24/dis/headers/eecs16b-macros.sty
  Backup: Backup: /Users/meli/Desktop/Kevin/UCB/EECS 16A/questionBank/fa24/dis/headers/eecs16b-macros.sty.bak
  Changes: ['Normalized/Injected accessibility package loader in eecs16b-macros.sty']
[MODIFIED] /Users/meli/Desktop/Kevin/UCB/EECS 16A/questionBank/fa24/dis/headers/eecs16b-pkg.sty
  Backup: Backup: /Users/meli/Desktop/Kevin/UCB/EECS 16A/questionBank/fa24/dis/headers/eecs16b-pkg.sty.bak
  Changes: ['Normalized/Injected accessibility package loader in eecs16b-pkg.sty']
[MODIFIED] /Users/meli/Desktop/Kevin/UCB/EECS 16A/questionBank/fa24/dis/headers/eecs16b-data.sty
  Backup: Backup: /Users/meli/Desktop/Kevin/UCB/EECS 16A/questionBank/fa24/dis/headers/eecs16b-data.sty.bak
  Changes: ['Normalized/Injected accessibility package loader in eecs16b-data.sty']
[MODIFIED] /Users/meli/Desktop/Kevin/UCB/EECS 16A/questionBank/fa24/dis/headers/algpseudocodex.sty
  Backup: Backup: /Users/meli/Desktop/Kevin/UCB/EECS 16A/questionBank/fa24/dis/headers/algpseudocodex.sty.bak
  Changes: ['Normalized/Injected accessibility package loader in algpseudocodex.sty']
[MODIFIED] /Users/meli/Desktop/Kevin/UCB/EECS 16A/questionBank/fa24/dis/headers/eecs16b-essentials.sty
  Backup: Backup: /Users/meli/Desktop/Kevin/UCB/EECS 16A/questionBank/fa24/dis/headers/eecs16b-essentials.sty.bak
  Changes: ['Normalized/Injected accessibility package loader in eecs16b-essentials.sty']
[MODIFIED] /Users/meli/Desktop/Kevin/UCB/EECS 16A/questionBank/fa24/dis/headers/eecs16b-environments.sty
  Backup: Backup: /Users/meli/Desktop/Kevin/UCB/EECS 16A/questionBank/fa24/dis/headers/eecs16b-environments.sty.bak
  Changes: ['Normalized/Injected accessibility package loader in eecs16b-environments.sty']
[MODIFIED] /Users/meli/Desktop/Kevin/UCB/EECS 16A/questionBank/fa24/dis/headers/eecs16b-layout.sty
  Backup: Backup: /Users/meli/Desktop/Kevin/UCB/EECS 16A/questionBank/fa24/dis/headers/eecs16b-layout.sty.bak
  Changes: ['Normalized/Injected accessibility package loader in eecs16b-layout.sty']
[MODIFIED] /Users/meli/Desktop/Kevin/UCB/EECS 16A/questionBank/su23/su23.sty
  Backup: Backup: /Users/meli/Desktop/Kevin/UCB/EECS 16A/questionBank/su23/su23.sty.bak
  Changes: ['Normalized/Injected accessibility package loader in su23.sty']
[MODIFIED] /Users/meli/Desktop/Kevin/UCB/EECS 16A/questionBank/su23/hw/11/circuitikz.sty
  Backup: Backup: /Users/meli/Desktop/Kevin/UCB/EECS 16A/questionBank/su23/hw/11/circuitikz.sty.bak
  Changes: ['Normalized/Injected accessibility package loader in circuitikz.sty']
[MODIFIED] /Users/meli/Desktop/Kevin/UCB/EECS 16A/questionBank/su23/hw/07/circuitikz.sty
  Backup: Backup: /Users/meli/Desktop/Kevin/UCB/EECS 16A/questionBank/su23/hw/07/circuitikz.sty.bak
  Changes: ['Normalized/Injected accessibility package loader in circuitikz.sty']
[MODIFIED] /Users/meli/Desktop/Kevin/UCB/EECS 16A/questionBank/su23/hw/09/circuitikz.sty
  Backup: Backup: /Users/meli/Desktop/Kevin/UCB/EECS 16A/questionBank/su23/hw/09/circuitikz.sty.bak
  Changes: ['Normalized/Injected accessibility package loader in circuitikz.sty']
[MODIFIED] /Users/meli/Desktop/Kevin/UCB/EECS 16A/questionBank/su23/dis/examprep09A/questions/circuitikz.sty
  Backup: Backup: /Users/meli/Desktop/Kevin/UCB/EECS 16A/questionBank/su23/dis/examprep09A/questions/circuitikz.sty.bak
  Changes: ['Normalized/Injected accessibility package loader in circuitikz.sty']
[MODIFIED] /Users/meli/Desktop/Kevin/UCB/EECS 16A/questionBank/su23/dis/examprep08B/questions/circuitikz.sty
  Backup: Backup: /Users/meli/Desktop/Kevin/UCB/EECS 16A/questionBank/su23/dis/examprep08B/questions/circuitikz.sty.bak
  Changes: ['Normalized/Injected accessibility package loader in circuitikz.sty']
[MODIFIED] /Users/meli/Desktop/Kevin/UCB/EECS 16A/questionBank/fa23/fa23.sty
  Backup: Backup: /Users/meli/Desktop/Kevin/UCB/EECS 16A/questionBank/fa23/fa23.sty.bak
  Changes: ['Normalized/Injected accessibility package loader in fa23.sty']
[MODIFIED] /Users/meli/Desktop/Kevin/UCB/EECS 16A/questionBank/fa23/hw/6/circuitikz.sty
  Backup: Backup: /Users/meli/Desktop/Kevin/UCB/EECS 16A/questionBank/fa23/hw/6/circuitikz.sty.bak
  Changes: ['Normalized/Injected accessibility package loader in circuitikz.sty']
[MODIFIED] /Users/meli/Desktop/Kevin/UCB/EECS 16A/questionBank/fa23/hw/10/circuitikz.sty
  Backup: Backup: /Users/meli/Desktop/Kevin/UCB/EECS 16A/questionBank/fa23/hw/10/circuitikz.sty.bak
  Changes: ['Normalized/Injected accessibility package loader in circuitikz.sty']
[MODIFIED] /Users/meli/Desktop/Kevin/UCB/EECS 16A/questionBank/fa23/hw/8/circuitikz.sty
  Backup: Backup: /Users/meli/Desktop/Kevin/UCB/EECS 16A/questionBank/fa23/hw/8/circuitikz.sty.bak
  Changes: ['Normalized/Injected accessibility package loader in circuitikz.sty']
[MODIFIED] /Users/meli/Desktop/Kevin/UCB/EECS 16A/questionBank/sp22_questionBank/hw/7/kbordermatrix.sty
  Backup: Backup: /Users/meli/Desktop/Kevin/UCB/EECS 16A/questionBank/sp22_questionBank/hw/7/kbordermatrix.sty.bak
  Changes: ['Normalized/Injected accessibility package loader in kbordermatrix.sty']
[MODIFIED] /Users/meli/Desktop/Kevin/UCB/EECS 16A/questionBank/su22/su22.sty
  Backup: Backup: /Users/meli/Desktop/Kevin/UCB/EECS 16A/questionBank/su22/su22.sty.bak
  Changes: ['Normalized/Injected accessibility package loader in su22.sty']
[MODIFIED] /Users/meli/Desktop/Kevin/UCB/EECS 16A/questionBank/su22/hw/11/circuitikz.sty
  Backup: Backup: /Users/meli/Desktop/Kevin/UCB/EECS 16A/questionBank/su22/hw/11/circuitikz.sty.bak
  Changes: ['Normalized/Injected accessibility package loader in circuitikz.sty']
[MODIFIED] /Users/meli/Desktop/Kevin/UCB/EECS 16A/questionBank/su22/hw/07/circuitikz.sty
  Backup: Backup: /Users/meli/Desktop/Kevin/UCB/EECS 16A/questionBank/su22/hw/07/circuitikz.sty.bak
  Changes: ['Normalized/Injected accessibility package loader in circuitikz.sty']
[MODIFIED] /Users/meli/Desktop/Kevin/UCB/EECS 16A/questionBank/su22/hw/09/circuitikz.sty
  Backup: Backup: /Users/meli/Desktop/Kevin/UCB/EECS 16A/questionBank/su22/hw/09/circuitikz.sty.bak
  Changes: ['Normalized/Injected accessibility package loader in circuitikz.sty']
[MODIFIED] /Users/meli/Desktop/Kevin/UCB/EECS 16A/questionBank/fa22/fa22.sty
  Backup: Backup: /Users/meli/Desktop/Kevin/UCB/EECS 16A/questionBank/fa22/fa22.sty.bak
  Changes: ['Normalized/Injected accessibility package loader in fa22.sty']
[MODIFIED] /Users/meli/Desktop/Kevin/UCB/EECS 16A/questionBank/fa22/hw/11/circuitikz.sty
  Backup: Backup: /Users/meli/Desktop/Kevin/UCB/EECS 16A/questionBank/fa22/hw/11/circuitikz.sty.bak
  Changes: ['Normalized/Injected accessibility package loader in circuitikz.sty']
[MODIFIED] /Users/meli/Desktop/Kevin/UCB/EECS 16A/questionBank/fa22/hw/07/circuitikz.sty
  Backup: Backup: /Users/meli/Desktop/Kevin/UCB/EECS 16A/questionBank/fa22/hw/07/circuitikz.sty.bak
  Changes: ['Normalized/Injected accessibility package loader in circuitikz.sty']
[MODIFIED] /Users/meli/Desktop/Kevin/UCB/EECS 16A/questionBank/fa22/hw/09/circuitikz.sty
  Backup: Backup: /Users/meli/Desktop/Kevin/UCB/EECS 16A/questionBank/fa22/hw/09/circuitikz.sty.bak
  Changes: ['Normalized/Injected accessibility package loader in circuitikz.sty']
[MODIFIED] /Users/meli/Desktop/Kevin/UCB/EECS 16A/questionBank/fa25/fa25.sty
  Backup: Backup: /Users/meli/Desktop/Kevin/UCB/EECS 16A/questionBank/fa25/fa25.sty.bak
  Changes: ['Normalized/Injected accessibility package loader in fa25.sty']
[MODIFIED] /Users/meli/Desktop/Kevin/UCB/EECS 16A/questionBank/fa25/fa23.sty
  Backup: Backup: /Users/meli/Desktop/Kevin/UCB/EECS 16A/questionBank/fa25/fa23.sty.bak
  Changes: ['Normalized/Injected accessibility package loader in fa23.sty']
[MODIFIED] /Users/meli/Desktop/Kevin/UCB/EECS 16A/questionBank/fa25/sp25.sty
  Backup: Backup: /Users/meli/Desktop/Kevin/UCB/EECS 16A/questionBank/fa25/sp25.sty.bak
  Changes: ['Normalized/Injected accessibility package loader in sp25.sty']
[MODIFIED] /Users/meli/Desktop/Kevin/UCB/EECS 16A/questionBank/fa25/hw/9/circuitikz.sty
  Backup: Backup: /Users/meli/Desktop/Kevin/UCB/EECS 16A/questionBank/fa25/hw/9/circuitikz.sty.bak
  Changes: ['Normalized/Injected accessibility package loader in circuitikz.sty']
[MODIFIED] /Users/meli/Desktop/Kevin/UCB/EECS 16A/questionBank/fa25/hw/6/circuitikz.sty
  Backup: Backup: /Users/meli/Desktop/Kevin/UCB/EECS 16A/questionBank/fa25/hw/6/circuitikz.sty.bak
  Changes: ['Normalized/Injected accessibility package loader in circuitikz.sty']
[MODIFIED] /Users/meli/Desktop/Kevin/UCB/EECS 16A/questionBank/fa25/hw/8/circuitikz.sty
  Backup: Backup: /Users/meli/Desktop/Kevin/UCB/EECS 16A/questionBank/fa25/hw/8/circuitikz.sty.bak
  Changes: ['Normalized/Injected accessibility package loader in circuitikz.sty']
[MODIFIED] /Users/meli/Desktop/Kevin/UCB/EECS 16A/questionBank/fa25/hw/10-old/circuitikz.sty
  Backup: Backup: /Users/meli/Desktop/Kevin/UCB/EECS 16A/questionBank/fa25/hw/10-old/circuitikz.sty.bak
  Changes: ['Normalized/Injected accessibility package loader in circuitikz.sty']
[MODIFIED] /Users/meli/Desktop/Kevin/UCB/EECS 16A/questionBank/fa25/dis/headers/eecs16b-macros.sty
  Backup: Backup: /Users/meli/Desktop/Kevin/UCB/EECS 16A/questionBank/fa25/dis/headers/eecs16b-macros.sty.bak
  Changes: ['Normalized/Injected accessibility package loader in eecs16b-macros.sty']
[MODIFIED] /Users/meli/Desktop/Kevin/UCB/EECS 16A/questionBank/fa25/dis/headers/eecs16b-pkg.sty
  Backup: Backup: /Users/meli/Desktop/Kevin/UCB/EECS 16A/questionBank/fa25/dis/headers/eecs16b-pkg.sty.bak
  Changes: ['Normalized/Injected accessibility package loader in eecs16b-pkg.sty']
[MODIFIED] /Users/meli/Desktop/Kevin/UCB/EECS 16A/questionBank/fa25/dis/headers/eecs16b-data.sty
  Backup: Backup: /Users/meli/Desktop/Kevin/UCB/EECS 16A/questionBank/fa25/dis/headers/eecs16b-data.sty.bak
  Changes: ['Normalized/Injected accessibility package loader in eecs16b-data.sty']
[MODIFIED] /Users/meli/Desktop/Kevin/UCB/EECS 16A/questionBank/fa25/dis/headers/algpseudocodex.sty
  Backup: Backup: /Users/meli/Desktop/Kevin/UCB/EECS 16A/questionBank/fa25/dis/headers/algpseudocodex.sty.bak
  Changes: ['Normalized/Injected accessibility package loader in algpseudocodex.sty']
[MODIFIED] /Users/meli/Desktop/Kevin/UCB/EECS 16A/questionBank/fa25/dis/headers/eecs16b-essentials.sty
  Backup: Backup: /Users/meli/Desktop/Kevin/UCB/EECS 16A/questionBank/fa25/dis/headers/eecs16b-essentials.sty.bak
  Changes: ['Normalized/Injected accessibility package loader in eecs16b-essentials.sty']
[MODIFIED] /Users/meli/Desktop/Kevin/UCB/EECS 16A/questionBank/fa25/dis/headers/eecs16b-environments.sty
  Backup: Backup: /Users/meli/Desktop/Kevin/UCB/EECS 16A/questionBank/fa25/dis/headers/eecs16b-environments.sty.bak
  Changes: ['Normalized/Injected accessibility package loader in eecs16b-environments.sty']
[MODIFIED] /Users/meli/Desktop/Kevin/UCB/EECS 16A/questionBank/fa25/dis/headers/eecs16b-layout.sty
  Backup: Backup: /Users/meli/Desktop/Kevin/UCB/EECS 16A/questionBank/fa25/dis/headers/eecs16b-layout.sty.bak
  Changes: ['Normalized/Injected accessibility package loader in eecs16b-layout.sty']
[MODIFIED] /Users/meli/Desktop/Kevin/UCB/EECS 16A/questionBank/notes_sp20/Sp20_16Anotes/rahul.sty
  Backup: Backup: /Users/meli/Desktop/Kevin/UCB/EECS 16A/questionBank/notes_sp20/Sp20_16Anotes/rahul.sty.bak
  Changes: ['Normalized/Injected accessibility package loader in rahul.sty']
[MODIFIED] /Users/meli/Desktop/Kevin/UCB/EECS 16A/questionBank/notes_sp20/Sp20_16Anotes/ee16.sty
  Backup: Backup: /Users/meli/Desktop/Kevin/UCB/EECS 16A/questionBank/notes_sp20/Sp20_16Anotes/ee16.sty.bak
  Changes: ['Updated footer title references in ee16.sty', 'Updated \\qns in ee16.sty', 'Updated \\q in ee16.sty', 'Normalized/Injected accessibility package loader in ee16.sty']
[MODIFIED] /Users/meli/Desktop/Kevin/UCB/EECS 16A/questionBank/notes_sp20/Sp20_16Anotes/examtonotes.sty
  Backup: Backup: /Users/meli/Desktop/Kevin/UCB/EECS 16A/questionBank/notes_sp20/Sp20_16Anotes/examtonotes.sty.bak
  Changes: ['Normalized/Injected accessibility package loader in examtonotes.sty']
[MODIFIED] /Users/meli/Desktop/Kevin/UCB/EECS 16A/questionBank/notes_sp20/Sp20_16Anotes/lec4B/diagrams.sty
  Backup: Backup: /Users/meli/Desktop/Kevin/UCB/EECS 16A/questionBank/notes_sp20/Sp20_16Anotes/lec4B/diagrams.sty.bak
  Changes: ['Normalized/Injected accessibility package loader in diagrams.sty']
[MODIFIED] /Users/meli/Desktop/Kevin/UCB/EECS 16A/questionBank/notes_sp21/timestamp.sty
  Backup: Backup: /Users/meli/Desktop/Kevin/UCB/EECS 16A/questionBank/notes_sp21/timestamp.sty.bak
  Changes: ['Normalized/Injected accessibility package loader in timestamp.sty']
[MODIFIED] /Users/meli/Desktop/Kevin/UCB/EECS 16A/questionBank/notes_sp21/rahul.sty
  Backup: Backup: /Users/meli/Desktop/Kevin/UCB/EECS 16A/questionBank/notes_sp21/rahul.sty.bak
  Changes: ['Normalized/Injected accessibility package loader in rahul.sty']
[MODIFIED] /Users/meli/Desktop/Kevin/UCB/EECS 16A/questionBank/notes_sp21/ee16.sty
  Backup: Backup: /Users/meli/Desktop/Kevin/UCB/EECS 16A/questionBank/notes_sp21/ee16.sty.bak
  Changes: ['Updated footer title references in ee16.sty', 'Updated \\qns in ee16.sty', 'Updated \\q in ee16.sty', 'Normalized/Injected accessibility package loader in ee16.sty']
[MODIFIED] /Users/meli/Desktop/Kevin/UCB/EECS 16A/questionBank/notes_sp21/examtonotes.sty
  Backup: Backup: /Users/meli/Desktop/Kevin/UCB/EECS 16A/questionBank/notes_sp21/examtonotes.sty.bak
  Changes: ['Normalized/Injected accessibility package loader in examtonotes.sty']
[MODIFIED] /Users/meli/Desktop/Kevin/UCB/EECS 16A/questionBank/notes_sp21/note10/diagrams.sty
  Backup: Backup: /Users/meli/Desktop/Kevin/UCB/EECS 16A/questionBank/notes_sp21/note10/diagrams.sty.bak
  Changes: ['Normalized/Injected accessibility package loader in diagrams.sty']
[MODIFIED] /Users/meli/Desktop/Kevin/UCB/EECS 16A/questionBank/sp24_questionBank/hw/7-old/kbordermatrix.sty
  Backup: Backup: /Users/meli/Desktop/Kevin/UCB/EECS 16A/questionBank/sp24_questionBank/hw/7-old/kbordermatrix.sty.bak
  Changes: ['Normalized/Injected accessibility package loader in kbordermatrix.sty']
[MODIFIED] /Users/meli/Desktop/Kevin/UCB/EECS 16A/questionBank/sp23_questionBank/hw/7/kbordermatrix.sty
  Backup: Backup: /Users/meli/Desktop/Kevin/UCB/EECS 16A/questionBank/sp23_questionBank/hw/7/kbordermatrix.sty.bak
  Changes: ['Normalized/Injected accessibility package loader in kbordermatrix.sty']
[MODIFIED] /Users/meli/Desktop/Kevin/UCB/EECS 16A/questionBank/fa21_questionBank/hw/7/kbordermatrix.sty
  Backup: Backup: /Users/meli/Desktop/Kevin/UCB/EECS 16A/questionBank/fa21_questionBank/hw/7/kbordermatrix.sty.bak
  Changes: ['Normalized/Injected accessibility package loader in kbordermatrix.sty']
[MODIFIED] /Users/meli/Desktop/Kevin/UCB/EECS 16A/questionBank/sp21/sp21.sty
  Backup: Backup: /Users/meli/Desktop/Kevin/UCB/EECS 16A/questionBank/sp21/sp21.sty.bak
  Changes: ['Normalized/Injected accessibility package loader in sp21.sty']
[MODIFIED] /Users/meli/Desktop/Kevin/UCB/EECS 16A/questionBank/sp21/hw/11/circuitikz.sty
  Backup: Backup: /Users/meli/Desktop/Kevin/UCB/EECS 16A/questionBank/sp21/hw/11/circuitikz.sty.bak
  Changes: ['Normalized/Injected accessibility package loader in circuitikz.sty']
[MODIFIED] /Users/meli/Desktop/Kevin/UCB/EECS 16A/questionBank/sp21/hw/07/circuitikz.sty
  Backup: Backup: /Users/meli/Desktop/Kevin/UCB/EECS 16A/questionBank/sp21/hw/07/circuitikz.sty.bak
  Changes: ['Normalized/Injected accessibility package loader in circuitikz.sty']
[MODIFIED] /Users/meli/Desktop/Kevin/UCB/EECS 16A/questionBank/sp21/hw/09/circuitikz.sty
  Backup: Backup: /Users/meli/Desktop/Kevin/UCB/EECS 16A/questionBank/sp21/hw/09/circuitikz.sty.bak
  Changes: ['Normalized/Injected accessibility package loader in circuitikz.sty']
[MODIFIED] /Users/meli/Desktop/Kevin/UCB/EECS 16A/questionBank/sp19/fa18.sty
  Backup: Backup: /Users/meli/Desktop/Kevin/UCB/EECS 16A/questionBank/sp19/fa18.sty.bak
  Changes: ['Normalized/Injected accessibility package loader in fa18.sty']
[MODIFIED] /Users/meli/Desktop/Kevin/UCB/EECS 16A/questionBank/sp19/sp19.sty
  Backup: Backup: /Users/meli/Desktop/Kevin/UCB/EECS 16A/questionBank/sp19/sp19.sty.bak
  Changes: ['Normalized/Injected accessibility package loader in sp19.sty']
[MODIFIED] /Users/meli/Desktop/Kevin/UCB/EECS 16A/questionBank/sp26/fa25.sty
  Backup: Backup: /Users/meli/Desktop/Kevin/UCB/EECS 16A/questionBank/sp26/fa25.sty.bak
  Changes: ['Normalized/Injected accessibility package loader in fa25.sty']
[MODIFIED] /Users/meli/Desktop/Kevin/UCB/EECS 16A/questionBank/sp26/fa23.sty
  Backup: Backup: /Users/meli/Desktop/Kevin/UCB/EECS 16A/questionBank/sp26/fa23.sty.bak
  Changes: ['Normalized/Injected accessibility package loader in fa23.sty']
[MODIFIED] /Users/meli/Desktop/Kevin/UCB/EECS 16A/questionBank/sp26/sp25.sty
  Backup: Backup: /Users/meli/Desktop/Kevin/UCB/EECS 16A/questionBank/sp26/sp25.sty.bak
  Changes: ['Normalized/Injected accessibility package loader in sp25.sty']
[MODIFIED] /Users/meli/Desktop/Kevin/UCB/EECS 16A/questionBank/sp26/sp26.sty
  Backup: Backup: /Users/meli/Desktop/Kevin/UCB/EECS 16A/questionBank/sp26/sp26.sty.bak
  Changes: ['Normalized/Injected accessibility package loader in sp26.sty']
[MODIFIED] /Users/meli/Desktop/Kevin/UCB/EECS 16A/questionBank/sp26/hw/9/circuitikz.sty
  Backup: Backup: /Users/meli/Desktop/Kevin/UCB/EECS 16A/questionBank/sp26/hw/9/circuitikz.sty.bak
  Changes: ['Normalized/Injected accessibility package loader in circuitikz.sty']
[MODIFIED] /Users/meli/Desktop/Kevin/UCB/EECS 16A/questionBank/sp26/hw/6/circuitikz.sty
  Backup: Backup: /Users/meli/Desktop/Kevin/UCB/EECS 16A/questionBank/sp26/hw/6/circuitikz.sty.bak
  Changes: ['Normalized/Injected accessibility package loader in circuitikz.sty']
[MODIFIED] /Users/meli/Desktop/Kevin/UCB/EECS 16A/questionBank/sp26/hw/8/circuitikz.sty
  Backup: Backup: /Users/meli/Desktop/Kevin/UCB/EECS 16A/questionBank/sp26/hw/8/circuitikz.sty.bak
  Changes: ['Normalized/Injected accessibility package loader in circuitikz.sty']
[MODIFIED] /Users/meli/Desktop/Kevin/UCB/EECS 16A/questionBank/sp26/hw/10-old/circuitikz.sty
  Backup: Backup: /Users/meli/Desktop/Kevin/UCB/EECS 16A/questionBank/sp26/hw/10-old/circuitikz.sty.bak
  Changes: ['Normalized/Injected accessibility package loader in circuitikz.sty']
[MODIFIED] /Users/meli/Desktop/Kevin/UCB/EECS 16A/questionBank/sp26/dis/headers/eecs16b-macros.sty
  Backup: Backup: /Users/meli/Desktop/Kevin/UCB/EECS 16A/questionBank/sp26/dis/headers/eecs16b-macros.sty.bak
  Changes: ['Normalized/Injected accessibility package loader in eecs16b-macros.sty']
[MODIFIED] /Users/meli/Desktop/Kevin/UCB/EECS 16A/questionBank/sp26/dis/headers/eecs16b-pkg.sty
  Backup: Backup: /Users/meli/Desktop/Kevin/UCB/EECS 16A/questionBank/sp26/dis/headers/eecs16b-pkg.sty.bak
  Changes: ['Normalized/Injected accessibility package loader in eecs16b-pkg.sty']
[MODIFIED] /Users/meli/Desktop/Kevin/UCB/EECS 16A/questionBank/sp26/dis/headers/eecs16b-data.sty
  Backup: Backup: /Users/meli/Desktop/Kevin/UCB/EECS 16A/questionBank/sp26/dis/headers/eecs16b-data.sty.bak
  Changes: ['Normalized/Injected accessibility package loader in eecs16b-data.sty']
[MODIFIED] /Users/meli/Desktop/Kevin/UCB/EECS 16A/questionBank/sp26/dis/headers/algpseudocodex.sty
  Backup: Backup: /Users/meli/Desktop/Kevin/UCB/EECS 16A/questionBank/sp26/dis/headers/algpseudocodex.sty.bak
  Changes: ['Normalized/Injected accessibility package loader in algpseudocodex.sty']
[MODIFIED] /Users/meli/Desktop/Kevin/UCB/EECS 16A/questionBank/sp26/dis/headers/eecs16b-essentials.sty
  Backup: Backup: /Users/meli/Desktop/Kevin/UCB/EECS 16A/questionBank/sp26/dis/headers/eecs16b-essentials.sty.bak
  Changes: ['Normalized/Injected accessibility package loader in eecs16b-essentials.sty']
[MODIFIED] /Users/meli/Desktop/Kevin/UCB/EECS 16A/questionBank/sp26/dis/headers/eecs16b-environments.sty
  Backup: Backup: /Users/meli/Desktop/Kevin/UCB/EECS 16A/questionBank/sp26/dis/headers/eecs16b-environments.sty.bak
  Changes: ['Normalized/Injected accessibility package loader in eecs16b-environments.sty']
[MODIFIED] /Users/meli/Desktop/Kevin/UCB/EECS 16A/questionBank/sp26/dis/headers/eecs16b-layout.sty
  Backup: Backup: /Users/meli/Desktop/Kevin/UCB/EECS 16A/questionBank/sp26/dis/headers/eecs16b-layout.sty.bak
  Changes: ['Normalized/Injected accessibility package loader in eecs16b-layout.sty']
[MODIFIED] /Users/meli/Desktop/Kevin/UCB/EECS 16A/questionBank/su24_questionBank/questionBank/hw/7/kbordermatrix.sty
  Backup: Backup: /Users/meli/Desktop/Kevin/UCB/EECS 16A/questionBank/su24_questionBank/questionBank/hw/7/kbordermatrix.sty.bak
  Changes: ['Normalized/Injected accessibility package loader in kbordermatrix.sty']
[MODIFIED] /Users/meli/Desktop/Kevin/UCB/EECS 16A/questionBank/su24_questionBank/hw/7/kbordermatrix.sty
  Backup: Backup: /Users/meli/Desktop/Kevin/UCB/EECS 16A/questionBank/su24_questionBank/hw/7/kbordermatrix.sty.bak
  Changes: ['Normalized/Injected accessibility package loader in kbordermatrix.sty']
[MODIFIED] /Users/meli/Desktop/Kevin/UCB/EECS 16A/questionBank/su23_questionBank/hw/7/kbordermatrix.sty
  Backup: Backup: /Users/meli/Desktop/Kevin/UCB/EECS 16A/questionBank/su23_questionBank/hw/7/kbordermatrix.sty.bak
  Changes: ['Normalized/Injected accessibility package loader in kbordermatrix.sty']
[MODIFIED] /Users/meli/Desktop/Kevin/UCB/EECS 16A/questionBank/sp18/sp18.sty
  Backup: Backup: /Users/meli/Desktop/Kevin/UCB/EECS 16A/questionBank/sp18/sp18.sty.bak
  Changes: ['Normalized/Injected accessibility package loader in sp18.sty']
[MODIFIED] /Users/meli/Desktop/Kevin/UCB/EECS 16A/questionBank/sp20/semester.sty
  Backup: Backup: /Users/meli/Desktop/Kevin/UCB/EECS 16A/questionBank/sp20/semester.sty.bak
  Changes: ['Normalized/Injected accessibility package loader in semester.sty']
[MODIFIED] /Users/meli/Desktop/Kevin/UCB/EECS 16A/questionBank/su22_questionBank/hw/7/kbordermatrix.sty
  Backup: Backup: /Users/meli/Desktop/Kevin/UCB/EECS 16A/questionBank/su22_questionBank/hw/7/kbordermatrix.sty.bak
  Changes: ['Normalized/Injected accessibility package loader in kbordermatrix.sty']
[MODIFIED] /Users/meli/Desktop/Kevin/UCB/EECS 16A/questionBank/notes_fa23/rahul.sty
  Backup: Backup: /Users/meli/Desktop/Kevin/UCB/EECS 16A/questionBank/notes_fa23/rahul.sty.bak
  Changes: ['Normalized/Injected accessibility package loader in rahul.sty']
[MODIFIED] /Users/meli/Desktop/Kevin/UCB/EECS 16A/questionBank/notes_fa23/ee16.sty
  Backup: Backup: /Users/meli/Desktop/Kevin/UCB/EECS 16A/questionBank/notes_fa23/ee16.sty.bak
  Changes: ['Updated footer title references in ee16.sty', 'Updated \\qns in ee16.sty', 'Updated \\q in ee16.sty', 'Normalized/Injected accessibility package loader in ee16.sty']
[MODIFIED] /Users/meli/Desktop/Kevin/UCB/EECS 16A/questionBank/notes_fa23/examtonotes.sty
  Backup: Backup: /Users/meli/Desktop/Kevin/UCB/EECS 16A/questionBank/notes_fa23/examtonotes.sty.bak
  Changes: ['Normalized/Injected accessibility package loader in examtonotes.sty']
[MODIFIED] /Users/meli/Desktop/Kevin/UCB/EECS 16A/questionBank/notes_fa23/note10/diagrams.sty
  Backup: Backup: /Users/meli/Desktop/Kevin/UCB/EECS 16A/questionBank/notes_fa23/note10/diagrams.sty.bak
  Changes: ['Normalized/Injected accessibility package loader in diagrams.sty']
[MODIFIED] /Users/meli/Desktop/Kevin/UCB/EECS 16A/questionBank/notes_fa24/rahul.sty
  Backup: Backup: /Users/meli/Desktop/Kevin/UCB/EECS 16A/questionBank/notes_fa24/rahul.sty.bak
  Changes: ['Normalized/Injected accessibility package loader in rahul.sty']
[MODIFIED] /Users/meli/Desktop/Kevin/UCB/EECS 16A/questionBank/notes_fa24/ee16.sty
  Backup: Backup: /Users/meli/Desktop/Kevin/UCB/EECS 16A/questionBank/notes_fa24/ee16.sty.bak
  Changes: ['Updated footer title references in ee16.sty', 'Updated \\qns in ee16.sty', 'Updated \\q in ee16.sty', 'Normalized/Injected accessibility package loader in ee16.sty']
[MODIFIED] /Users/meli/Desktop/Kevin/UCB/EECS 16A/questionBank/notes_fa24/examtonotes.sty
  Backup: Backup: /Users/meli/Desktop/Kevin/UCB/EECS 16A/questionBank/notes_fa24/examtonotes.sty.bak
  Changes: ['Normalized/Injected accessibility package loader in examtonotes.sty']
[MODIFIED] /Users/meli/Desktop/Kevin/UCB/EECS 16A/questionBank/notes_fa24/headers/eecs16b-macros.sty
  Backup: Backup: /Users/meli/Desktop/Kevin/UCB/EECS 16A/questionBank/notes_fa24/headers/eecs16b-macros.sty.bak
  Changes: ['Normalized/Injected accessibility package loader in eecs16b-macros.sty']
[MODIFIED] /Users/meli/Desktop/Kevin/UCB/EECS 16A/questionBank/notes_fa24/headers/eecs16b-pkg.sty
  Backup: Backup: /Users/meli/Desktop/Kevin/UCB/EECS 16A/questionBank/notes_fa24/headers/eecs16b-pkg.sty.bak
  Changes: ['Normalized/Injected accessibility package loader in eecs16b-pkg.sty']
[MODIFIED] /Users/meli/Desktop/Kevin/UCB/EECS 16A/questionBank/notes_fa24/headers/eecs16b-data.sty
  Backup: Backup: /Users/meli/Desktop/Kevin/UCB/EECS 16A/questionBank/notes_fa24/headers/eecs16b-data.sty.bak
  Changes: ['Normalized/Injected accessibility package loader in eecs16b-data.sty']
[MODIFIED] /Users/meli/Desktop/Kevin/UCB/EECS 16A/questionBank/notes_fa24/headers/algpseudocodex.sty
  Backup: Backup: /Users/meli/Desktop/Kevin/UCB/EECS 16A/questionBank/notes_fa24/headers/algpseudocodex.sty.bak
  Changes: ['Normalized/Injected accessibility package loader in algpseudocodex.sty']
[MODIFIED] /Users/meli/Desktop/Kevin/UCB/EECS 16A/questionBank/notes_fa24/headers/eecs16b-essentials.sty
  Backup: Backup: /Users/meli/Desktop/Kevin/UCB/EECS 16A/questionBank/notes_fa24/headers/eecs16b-essentials.sty.bak
  Changes: ['Normalized/Injected accessibility package loader in eecs16b-essentials.sty']
[MODIFIED] /Users/meli/Desktop/Kevin/UCB/EECS 16A/questionBank/notes_fa24/headers/eecs16b-environments.sty
  Backup: Backup: /Users/meli/Desktop/Kevin/UCB/EECS 16A/questionBank/notes_fa24/headers/eecs16b-environments.sty.bak
  Changes: ['Normalized/Injected accessibility package loader in eecs16b-environments.sty']
[MODIFIED] /Users/meli/Desktop/Kevin/UCB/EECS 16A/questionBank/notes_fa24/headers/eecs16b-layout.sty
  Backup: Backup: /Users/meli/Desktop/Kevin/UCB/EECS 16A/questionBank/notes_fa24/headers/eecs16b-layout.sty.bak
  Changes: ['Normalized/Injected accessibility package loader in eecs16b-layout.sty']
[MODIFIED] /Users/meli/Desktop/Kevin/UCB/EECS 16A/questionBank/notes_fa24/note10/diagrams.sty
  Backup: Backup: /Users/meli/Desktop/Kevin/UCB/EECS 16A/questionBank/notes_fa24/note10/diagrams.sty.bak
  Changes: ['Normalized/Injected accessibility package loader in diagrams.sty']
[MODIFIED] /Users/meli/Desktop/Kevin/UCB/EECS 16A/questionBank/fa20/fa18.sty
  Backup: Backup: /Users/meli/Desktop/Kevin/UCB/EECS 16A/questionBank/fa20/fa18.sty.bak
  Changes: ['Normalized/Injected accessibility package loader in fa18.sty']
[MODIFIED] /Users/meli/Desktop/Kevin/UCB/EECS 16A/questionBank/fa20/fa20.sty
  Backup: Backup: /Users/meli/Desktop/Kevin/UCB/EECS 16A/questionBank/fa20/fa20.sty.bak
  Changes: ['Normalized/Injected accessibility package loader in fa20.sty']
[MODIFIED] /Users/meli/Desktop/Kevin/UCB/EECS 16A/questionBank/fa20/sp19.sty
  Backup: Backup: /Users/meli/Desktop/Kevin/UCB/EECS 16A/questionBank/fa20/sp19.sty.bak
  Changes: ['Normalized/Injected accessibility package loader in sp19.sty']
[MODIFIED] /Users/meli/Desktop/Kevin/UCB/EECS 16A/questionBank/fa20/hw/9/circuitikz.sty
  Backup: Backup: /Users/meli/Desktop/Kevin/UCB/EECS 16A/questionBank/fa20/hw/9/circuitikz.sty.bak
  Changes: ['Normalized/Injected accessibility package loader in circuitikz.sty']
[MODIFIED] /Users/meli/Desktop/Kevin/UCB/EECS 16A/questionBank/fa20/hw/11/circuitikz.sty
  Backup: Backup: /Users/meli/Desktop/Kevin/UCB/EECS 16A/questionBank/fa20/hw/11/circuitikz.sty.bak
  Changes: ['Normalized/Injected accessibility package loader in circuitikz.sty']
[MODIFIED] /Users/meli/Desktop/Kevin/UCB/EECS 16A/questionBank/fa20/hw/7/circuitikz.sty
  Backup: Backup: /Users/meli/Desktop/Kevin/UCB/EECS 16A/questionBank/fa20/hw/7/circuitikz.sty.bak
  Changes: ['Normalized/Injected accessibility package loader in circuitikz.sty']
[MODIFIED] /Users/meli/Desktop/Kevin/UCB/EECS 16A/questionBank/su20/semester.sty
  Backup: Backup: /Users/meli/Desktop/Kevin/UCB/EECS 16A/questionBank/su20/semester.sty.bak
  Changes: ['Normalized/Injected accessibility package loader in semester.sty']
[MODIFIED] /Users/meli/Desktop/Kevin/UCB/EECS 16A/questionBank/fa18/fa18.sty
  Backup: Backup: /Users/meli/Desktop/Kevin/UCB/EECS 16A/questionBank/fa18/fa18.sty.bak
  Changes: ['Normalized/Injected accessibility package loader in fa18.sty']
[MODIFIED] /Users/meli/Desktop/Kevin/UCB/EECS 16A/questionBank/fa22_questionBank/hw/7/kbordermatrix.sty
  Backup: Backup: /Users/meli/Desktop/Kevin/UCB/EECS 16A/questionBank/fa22_questionBank/hw/7/kbordermatrix.sty.bak
  Changes: ['Normalized/Injected accessibility package loader in kbordermatrix.sty']
[MODIFIED] /Users/meli/Desktop/Kevin/UCB/EECS 16A/questionBank/fa19/semester.sty
  Backup: Backup: /Users/meli/Desktop/Kevin/UCB/EECS 16A/questionBank/fa19/semester.sty.bak
  Changes: ['Normalized/Injected accessibility package loader in semester.sty']
[MODIFIED] /Users/meli/Desktop/Kevin/UCB/EECS 16A/questionBank/fa21/fa21.sty
  Backup: Backup: /Users/meli/Desktop/Kevin/UCB/EECS 16A/questionBank/fa21/fa21.sty.bak
  Changes: ['Normalized/Injected accessibility package loader in fa21.sty']
[MODIFIED] /Users/meli/Desktop/Kevin/UCB/EECS 16A/questionBank/fa21/hw/11/circuitikz.sty
  Backup: Backup: /Users/meli/Desktop/Kevin/UCB/EECS 16A/questionBank/fa21/hw/11/circuitikz.sty.bak
  Changes: ['Normalized/Injected accessibility package loader in circuitikz.sty']
[MODIFIED] /Users/meli/Desktop/Kevin/UCB/EECS 16A/questionBank/fa21/hw/07/circuitikz.sty
  Backup: Backup: /Users/meli/Desktop/Kevin/UCB/EECS 16A/questionBank/fa21/hw/07/circuitikz.sty.bak
  Changes: ['Normalized/Injected accessibility package loader in circuitikz.sty']
[MODIFIED] /Users/meli/Desktop/Kevin/UCB/EECS 16A/questionBank/fa21/hw/09/circuitikz.sty
  Backup: Backup: /Users/meli/Desktop/Kevin/UCB/EECS 16A/questionBank/fa21/hw/09/circuitikz.sty.bak
  Changes: ['Normalized/Injected accessibility package loader in circuitikz.sty']
[MODIFIED] /Users/meli/Desktop/Kevin/UCB/EECS 16A/questionBank/fa17/fa17.sty
  Backup: Backup: /Users/meli/Desktop/Kevin/UCB/EECS 16A/questionBank/fa17/fa17.sty.bak
  Changes: ['Normalized/Injected accessibility package loader in fa17.sty']
[MODIFIED] /Users/meli/Desktop/Kevin/UCB/EECS 16A/questionBank/notes/rahul.sty
  Backup: Backup: /Users/meli/Desktop/Kevin/UCB/EECS 16A/questionBank/notes/rahul.sty.bak
  Changes: ['Normalized/Injected accessibility package loader in rahul.sty']
[MODIFIED] /Users/meli/Desktop/Kevin/UCB/EECS 16A/questionBank/notes/ee16.sty
  Backup: Backup: /Users/meli/Desktop/Kevin/UCB/EECS 16A/questionBank/notes/ee16.sty.bak
  Changes: ['Inserted \\accessibletitle storage macro in ee16.sty', 'Inserted \\title setter in ee16.sty', 'Normalized title H1 render in ee16.sty', 'Updated footer title references in ee16.sty', 'Updated \\qns in ee16.sty', 'Updated \\q in ee16.sty', 'Normalized/Injected accessibility package loader in ee16.sty']
[MODIFIED] /Users/meli/Desktop/Kevin/UCB/EECS 16A/questionBank/notes/examtonotes.sty
  Backup: Backup: /Users/meli/Desktop/Kevin/UCB/EECS 16A/questionBank/notes/examtonotes.sty.bak
  Changes: ['Normalized/Injected accessibility package loader in examtonotes.sty']
[MODIFIED] /Users/meli/Desktop/Kevin/UCB/EECS 16A/questionBank/notes/note6/diagrams.sty
  Backup: Backup: /Users/meli/Desktop/Kevin/UCB/EECS 16A/questionBank/notes/note6/diagrams.sty.bak
  Changes: ['Normalized/Injected accessibility package loader in diagrams.sty']
[MODIFIED] /Users/meli/Desktop/Kevin/UCB/EECS 16A/questionBank/notes/headers/eecs16b-macros.sty
  Backup: Backup: /Users/meli/Desktop/Kevin/UCB/EECS 16A/questionBank/notes/headers/eecs16b-macros.sty.bak
  Changes: ['Normalized/Injected accessibility package loader in eecs16b-macros.sty']
[MODIFIED] /Users/meli/Desktop/Kevin/UCB/EECS 16A/questionBank/notes/headers/eecs16b-pkg.sty
  Backup: Backup: /Users/meli/Desktop/Kevin/UCB/EECS 16A/questionBank/notes/headers/eecs16b-pkg.sty.bak
  Changes: ['Normalized/Injected accessibility package loader in eecs16b-pkg.sty']
[MODIFIED] /Users/meli/Desktop/Kevin/UCB/EECS 16A/questionBank/notes/headers/eecs16b-data.sty
  Backup: Backup: /Users/meli/Desktop/Kevin/UCB/EECS 16A/questionBank/notes/headers/eecs16b-data.sty.bak
  Changes: ['Normalized/Injected accessibility package loader in eecs16b-data.sty']
[MODIFIED] /Users/meli/Desktop/Kevin/UCB/EECS 16A/questionBank/notes/headers/algpseudocodex.sty
  Backup: Backup: /Users/meli/Desktop/Kevin/UCB/EECS 16A/questionBank/notes/headers/algpseudocodex.sty.bak
  Changes: ['Normalized/Injected accessibility package loader in algpseudocodex.sty']
[MODIFIED] /Users/meli/Desktop/Kevin/UCB/EECS 16A/questionBank/notes/headers/eecs16b-essentials.sty
  Backup: Backup: /Users/meli/Desktop/Kevin/UCB/EECS 16A/questionBank/notes/headers/eecs16b-essentials.sty.bak
  Changes: ['Normalized/Injected accessibility package loader in eecs16b-essentials.sty']
[MODIFIED] /Users/meli/Desktop/Kevin/UCB/EECS 16A/questionBank/notes/headers/eecs16b-environments.sty
  Backup: Backup: /Users/meli/Desktop/Kevin/UCB/EECS 16A/questionBank/notes/headers/eecs16b-environments.sty.bak
  Changes: ['Normalized/Injected accessibility package loader in eecs16b-environments.sty']
[MODIFIED] /Users/meli/Desktop/Kevin/UCB/EECS 16A/questionBank/notes/headers/eecs16b-layout.sty
  Backup: Backup: /Users/meli/Desktop/Kevin/UCB/EECS 16A/questionBank/notes/headers/eecs16b-layout.sty.bak
  Changes: ['Normalized/Injected accessibility package loader in eecs16b-layout.sty']
[MODIFIED] /Users/meli/Desktop/Kevin/UCB/EECS 16A/questionBank/fa23_questionBank/hw/7/kbordermatrix.sty
  Backup: Backup: /Users/meli/Desktop/Kevin/UCB/EECS 16A/questionBank/fa23_questionBank/hw/7/kbordermatrix.sty.bak
  Changes: ['Normalized/Injected accessibility package loader in kbordermatrix.sty']
[MODIFIED] /Users/meli/Desktop/Kevin/UCB/EECS 16A/questionBank/notes_sp23/rahul.sty
  Backup: Backup: /Users/meli/Desktop/Kevin/UCB/EECS 16A/questionBank/notes_sp23/rahul.sty.bak
  Changes: ['Normalized/Injected accessibility package loader in rahul.sty']
[MODIFIED] /Users/meli/Desktop/Kevin/UCB/EECS 16A/questionBank/notes_sp23/ee16.sty
  Backup: Backup: /Users/meli/Desktop/Kevin/UCB/EECS 16A/questionBank/notes_sp23/ee16.sty.bak
  Changes: ['Updated footer title references in ee16.sty', 'Updated \\qns in ee16.sty', 'Updated \\q in ee16.sty', 'Normalized/Injected accessibility package loader in ee16.sty']
[MODIFIED] /Users/meli/Desktop/Kevin/UCB/EECS 16A/questionBank/notes_sp23/examtonotes.sty
  Backup: Backup: /Users/meli/Desktop/Kevin/UCB/EECS 16A/questionBank/notes_sp23/examtonotes.sty.bak
  Changes: ['Normalized/Injected accessibility package loader in examtonotes.sty']
[MODIFIED] /Users/meli/Desktop/Kevin/UCB/EECS 16A/questionBank/notes_sp23/note10/diagrams.sty
  Backup: Backup: /Users/meli/Desktop/Kevin/UCB/EECS 16A/questionBank/notes_sp23/note10/diagrams.sty.bak
  Changes: ['Normalized/Injected accessibility package loader in diagrams.sty']
[MODIFIED] /Users/meli/Desktop/Kevin/UCB/EECS 16A/questionBank/notes_sp25/rahul.sty
  Backup: Backup: /Users/meli/Desktop/Kevin/UCB/EECS 16A/questionBank/notes_sp25/rahul.sty.bak
  Changes: ['Normalized/Injected accessibility package loader in rahul.sty']
[MODIFIED] /Users/meli/Desktop/Kevin/UCB/EECS 16A/questionBank/notes_sp25/ee16.sty
  Backup: Backup: /Users/meli/Desktop/Kevin/UCB/EECS 16A/questionBank/notes_sp25/ee16.sty.bak
  Changes: ['Inserted \\accessibletitle storage macro in ee16.sty', 'Inserted \\title setter in ee16.sty', 'Normalized title H1 render in ee16.sty', 'Updated footer title references in ee16.sty', 'Updated \\qns in ee16.sty', 'Updated \\q in ee16.sty', 'Normalized/Injected accessibility package loader in ee16.sty']
[MODIFIED] /Users/meli/Desktop/Kevin/UCB/EECS 16A/questionBank/notes_sp25/examtonotes.sty
  Backup: Backup: /Users/meli/Desktop/Kevin/UCB/EECS 16A/questionBank/notes_sp25/examtonotes.sty.bak
  Changes: ['Normalized/Injected accessibility package loader in examtonotes.sty']
[MODIFIED] /Users/meli/Desktop/Kevin/UCB/EECS 16A/questionBank/notes_sp25/headers/eecs16b-macros.sty
  Backup: Backup: /Users/meli/Desktop/Kevin/UCB/EECS 16A/questionBank/notes_sp25/headers/eecs16b-macros.sty.bak
  Changes: ['Normalized/Injected accessibility package loader in eecs16b-macros.sty']
[MODIFIED] /Users/meli/Desktop/Kevin/UCB/EECS 16A/questionBank/notes_sp25/headers/eecs16b-pkg.sty
  Backup: Backup: /Users/meli/Desktop/Kevin/UCB/EECS 16A/questionBank/notes_sp25/headers/eecs16b-pkg.sty.bak
  Changes: ['Normalized/Injected accessibility package loader in eecs16b-pkg.sty']
[MODIFIED] /Users/meli/Desktop/Kevin/UCB/EECS 16A/questionBank/notes_sp25/headers/eecs16b-data.sty
  Backup: Backup: /Users/meli/Desktop/Kevin/UCB/EECS 16A/questionBank/notes_sp25/headers/eecs16b-data.sty.bak
  Changes: ['Normalized/Injected accessibility package loader in eecs16b-data.sty']
[MODIFIED] /Users/meli/Desktop/Kevin/UCB/EECS 16A/questionBank/notes_sp25/headers/algpseudocodex.sty
  Backup: Backup: /Users/meli/Desktop/Kevin/UCB/EECS 16A/questionBank/notes_sp25/headers/algpseudocodex.sty.bak
  Changes: ['Normalized/Injected accessibility package loader in algpseudocodex.sty']
[MODIFIED] /Users/meli/Desktop/Kevin/UCB/EECS 16A/questionBank/notes_sp25/headers/eecs16b-essentials.sty
  Backup: Backup: /Users/meli/Desktop/Kevin/UCB/EECS 16A/questionBank/notes_sp25/headers/eecs16b-essentials.sty.bak
  Changes: ['Normalized/Injected accessibility package loader in eecs16b-essentials.sty']
[MODIFIED] /Users/meli/Desktop/Kevin/UCB/EECS 16A/questionBank/notes_sp25/headers/eecs16b-environments.sty
  Backup: Backup: /Users/meli/Desktop/Kevin/UCB/EECS 16A/questionBank/notes_sp25/headers/eecs16b-environments.sty.bak
  Changes: ['Normalized/Injected accessibility package loader in eecs16b-environments.sty']
[MODIFIED] /Users/meli/Desktop/Kevin/UCB/EECS 16A/questionBank/notes_sp25/headers/eecs16b-layout.sty
  Backup: Backup: /Users/meli/Desktop/Kevin/UCB/EECS 16A/questionBank/notes_sp25/headers/eecs16b-layout.sty.bak
  Changes: ['Normalized/Injected accessibility package loader in eecs16b-layout.sty']
[MODIFIED] /Users/meli/Desktop/Kevin/UCB/EECS 16A/questionBank/notes_sp25/note10/diagrams.sty
  Backup: Backup: /Users/meli/Desktop/Kevin/UCB/EECS 16A/questionBank/notes_sp25/note10/diagrams.sty.bak
  Changes: ['Normalized/Injected accessibility package loader in diagrams.sty']
[MODIFIED] /Users/meli/Desktop/Kevin/UCB/EECS 16A/questionBank/exams/ee16.sty
  Backup: Backup: /Users/meli/Desktop/Kevin/UCB/EECS 16A/questionBank/exams/ee16.sty.bak
  Changes: ['Inserted \\accessibletitle storage macro in ee16.sty', 'Inserted \\title setter in ee16.sty', 'Normalized title H1 render in ee16.sty', 'Updated footer title references in ee16.sty', 'Updated \\qns in ee16.sty', 'Updated \\q in ee16.sty', 'Normalized/Injected accessibility package loader in ee16.sty']
[MODIFIED] /Users/meli/Desktop/Kevin/UCB/EECS 16A/questionBank/exams/su24/su24.sty
  Backup: Backup: /Users/meli/Desktop/Kevin/UCB/EECS 16A/questionBank/exams/su24/su24.sty.bak
  Changes: ['Normalized/Injected accessibility package loader in su24.sty']
[MODIFIED] /Users/meli/Desktop/Kevin/UCB/EECS 16A/questionBank/exams/fa24/fa24.sty
  Backup: Backup: /Users/meli/Desktop/Kevin/UCB/EECS 16A/questionBank/exams/fa24/fa24.sty.bak
  Changes: ['Normalized/Injected accessibility package loader in fa24.sty']
[MODIFIED] /Users/meli/Desktop/Kevin/UCB/EECS 16A/questionBank/exams/su23/su23.sty
  Backup: Backup: /Users/meli/Desktop/Kevin/UCB/EECS 16A/questionBank/exams/su23/su23.sty.bak
  Changes: ['Normalized/Injected accessibility package loader in su23.sty']
[MODIFIED] /Users/meli/Desktop/Kevin/UCB/EECS 16A/questionBank/exams/fa23/fa23.sty
  Backup: Backup: /Users/meli/Desktop/Kevin/UCB/EECS 16A/questionBank/exams/fa23/fa23.sty.bak
  Changes: ['Normalized/Injected accessibility package loader in fa23.sty']
[MODIFIED] /Users/meli/Desktop/Kevin/UCB/EECS 16A/questionBank/exams/su22/su22.sty
  Backup: Backup: /Users/meli/Desktop/Kevin/UCB/EECS 16A/questionBank/exams/su22/su22.sty.bak
  Changes: ['Normalized/Injected accessibility package loader in su22.sty']
[MODIFIED] /Users/meli/Desktop/Kevin/UCB/EECS 16A/questionBank/exams/fa22/fa22.sty
  Backup: Backup: /Users/meli/Desktop/Kevin/UCB/EECS 16A/questionBank/exams/fa22/fa22.sty.bak
  Changes: ['Normalized/Injected accessibility package loader in fa22.sty']
[MODIFIED] /Users/meli/Desktop/Kevin/UCB/EECS 16A/questionBank/exams/sp21/sp21.sty
  Backup: Backup: /Users/meli/Desktop/Kevin/UCB/EECS 16A/questionBank/exams/sp21/sp21.sty.bak
  Changes: ['Normalized/Injected accessibility package loader in sp21.sty']
[MODIFIED] /Users/meli/Desktop/Kevin/UCB/EECS 16A/questionBank/exams/sp19/sp19.sty
  Backup: Backup: /Users/meli/Desktop/Kevin/UCB/EECS 16A/questionBank/exams/sp19/sp19.sty.bak
  Changes: ['Normalized/Injected accessibility package loader in sp19.sty']
[MODIFIED] /Users/meli/Desktop/Kevin/UCB/EECS 16A/questionBank/exams/sp18/sp18.sty
  Backup: Backup: /Users/meli/Desktop/Kevin/UCB/EECS 16A/questionBank/exams/sp18/sp18.sty.bak
  Changes: ['Normalized/Injected accessibility package loader in sp18.sty']
[MODIFIED] /Users/meli/Desktop/Kevin/UCB/EECS 16A/questionBank/exams/sp20/sp20.sty
  Backup: Backup: /Users/meli/Desktop/Kevin/UCB/EECS 16A/questionBank/exams/sp20/sp20.sty.bak
  Changes: ['Normalized/Injected accessibility package loader in sp20.sty']
[MODIFIED] /Users/meli/Desktop/Kevin/UCB/EECS 16A/questionBank/exams/sp20/mt1/candidate_questions/problempitches/nirmaan/common.sty
  Backup: Backup: /Users/meli/Desktop/Kevin/UCB/EECS 16A/questionBank/exams/sp20/mt1/candidate_questions/problempitches/nirmaan/common.sty.bak
  Changes: ['Normalized/Injected accessibility package loader in common.sty']
[MODIFIED] /Users/meli/Desktop/Kevin/UCB/EECS 16A/questionBank/exams/fa20/fa20.sty
  Backup: Backup: /Users/meli/Desktop/Kevin/UCB/EECS 16A/questionBank/exams/fa20/fa20.sty.bak
  Changes: ['Normalized/Injected accessibility package loader in fa20.sty']
[MODIFIED] /Users/meli/Desktop/Kevin/UCB/EECS 16A/questionBank/exams/fa20/mt2/candidate_questions/circuitikz.sty
  Backup: Backup: /Users/meli/Desktop/Kevin/UCB/EECS 16A/questionBank/exams/fa20/mt2/candidate_questions/circuitikz.sty.bak
  Changes: ['Normalized/Injected accessibility package loader in circuitikz.sty']
[MODIFIED] /Users/meli/Desktop/Kevin/UCB/EECS 16A/questionBank/exams/fa20/mt2/generatedTests/circuitikz.sty
  Backup: Backup: /Users/meli/Desktop/Kevin/UCB/EECS 16A/questionBank/exams/fa20/mt2/generatedTests/circuitikz.sty.bak
  Changes: ['Normalized/Injected accessibility package loader in circuitikz.sty']
[MODIFIED] /Users/meli/Desktop/Kevin/UCB/EECS 16A/questionBank/exams/su20/su20.sty
  Backup: Backup: /Users/meli/Desktop/Kevin/UCB/EECS 16A/questionBank/exams/su20/su20.sty.bak
  Changes: ['Normalized/Injected accessibility package loader in su20.sty']
[MODIFIED] /Users/meli/Desktop/Kevin/UCB/EECS 16A/questionBank/exams/fa18/fa18.sty
  Backup: Backup: /Users/meli/Desktop/Kevin/UCB/EECS 16A/questionBank/exams/fa18/fa18.sty.bak
  Changes: ['Normalized/Injected accessibility package loader in fa18.sty']
[MODIFIED] /Users/meli/Desktop/Kevin/UCB/EECS 16A/questionBank/exams/fa19/fa19.sty
  Backup: Backup: /Users/meli/Desktop/Kevin/UCB/EECS 16A/questionBank/exams/fa19/fa19.sty.bak
  Changes: ['Normalized/Injected accessibility package loader in fa19.sty']
[MODIFIED] /Users/meli/Desktop/Kevin/UCB/EECS 16A/questionBank/exams/fa21/fa21.sty
  Backup: Backup: /Users/meli/Desktop/Kevin/UCB/EECS 16A/questionBank/exams/fa21/fa21.sty.bak
  Changes: ['Normalized/Injected accessibility package loader in fa21.sty']
[MODIFIED] /Users/meli/Desktop/Kevin/UCB/EECS 16A/questionBank/exams/fa17/fa17.sty
  Backup: Backup: /Users/meli/Desktop/Kevin/UCB/EECS 16A/questionBank/exams/fa17/fa17.sty.bak
  Changes: ['Normalized/Injected accessibility package loader in fa17.sty']
[MODIFIED] /Users/meli/Desktop/Kevin/UCB/EECS 16A/questionBank/exams/sp22/sp22.sty
  Backup: Backup: /Users/meli/Desktop/Kevin/UCB/EECS 16A/questionBank/exams/sp22/sp22.sty.bak
  Changes: ['Normalized/Injected accessibility package loader in sp22.sty']
[MODIFIED] /Users/meli/Desktop/Kevin/UCB/EECS 16A/questionBank/exams/sp23/sp23.sty
  Backup: Backup: /Users/meli/Desktop/Kevin/UCB/EECS 16A/questionBank/exams/sp23/sp23.sty.bak
  Changes: ['Normalized/Injected accessibility package loader in sp23.sty']
[MODIFIED] /Users/meli/Desktop/Kevin/UCB/EECS 16A/questionBank/exams/sp24/fa23.sty
  Backup: Backup: /Users/meli/Desktop/Kevin/UCB/EECS 16A/questionBank/exams/sp24/fa23.sty.bak
  Changes: ['Normalized/Injected accessibility package loader in fa23.sty']
[MODIFIED] /Users/meli/Desktop/Kevin/UCB/EECS 16A/questionBank/sp25/sp25.sty
  Backup: Backup: /Users/meli/Desktop/Kevin/UCB/EECS 16A/questionBank/sp25/sp25.sty.bak
  Changes: ['Normalized/Injected accessibility package loader in sp25.sty']
[MODIFIED] /Users/meli/Desktop/Kevin/UCB/EECS 16A/questionBank/sp25/hw/9/circuitikz.sty
  Backup: Backup: /Users/meli/Desktop/Kevin/UCB/EECS 16A/questionBank/sp25/hw/9/circuitikz.sty.bak
  Changes: ['Normalized/Injected accessibility package loader in circuitikz.sty']
[MODIFIED] /Users/meli/Desktop/Kevin/UCB/EECS 16A/questionBank/sp25/hw/6/circuitikz.sty
  Backup: Backup: /Users/meli/Desktop/Kevin/UCB/EECS 16A/questionBank/sp25/hw/6/circuitikz.sty.bak
  Changes: ['Normalized/Injected accessibility package loader in circuitikz.sty']
[MODIFIED] /Users/meli/Desktop/Kevin/UCB/EECS 16A/questionBank/sp25/hw/8/circuitikz.sty
  Backup: Backup: /Users/meli/Desktop/Kevin/UCB/EECS 16A/questionBank/sp25/hw/8/circuitikz.sty.bak
  Changes: ['Normalized/Injected accessibility package loader in circuitikz.sty']
[MODIFIED] /Users/meli/Desktop/Kevin/UCB/EECS 16A/questionBank/sp25/hw/10-old/circuitikz.sty
  Backup: Backup: /Users/meli/Desktop/Kevin/UCB/EECS 16A/questionBank/sp25/hw/10-old/circuitikz.sty.bak
  Changes: ['Normalized/Injected accessibility package loader in circuitikz.sty']
[MODIFIED] /Users/meli/Desktop/Kevin/UCB/EECS 16A/questionBank/sp25/dis/headers/eecs16b-macros.sty
  Backup: Backup: /Users/meli/Desktop/Kevin/UCB/EECS 16A/questionBank/sp25/dis/headers/eecs16b-macros.sty.bak
  Changes: ['Normalized/Injected accessibility package loader in eecs16b-macros.sty']
[MODIFIED] /Users/meli/Desktop/Kevin/UCB/EECS 16A/questionBank/sp25/dis/headers/eecs16b-pkg.sty
  Backup: Backup: /Users/meli/Desktop/Kevin/UCB/EECS 16A/questionBank/sp25/dis/headers/eecs16b-pkg.sty.bak
  Changes: ['Normalized/Injected accessibility package loader in eecs16b-pkg.sty']
[MODIFIED] /Users/meli/Desktop/Kevin/UCB/EECS 16A/questionBank/sp25/dis/headers/eecs16b-data.sty
  Backup: Backup: /Users/meli/Desktop/Kevin/UCB/EECS 16A/questionBank/sp25/dis/headers/eecs16b-data.sty.bak
  Changes: ['Normalized/Injected accessibility package loader in eecs16b-data.sty']
[MODIFIED] /Users/meli/Desktop/Kevin/UCB/EECS 16A/questionBank/sp25/dis/headers/algpseudocodex.sty
  Backup: Backup: /Users/meli/Desktop/Kevin/UCB/EECS 16A/questionBank/sp25/dis/headers/algpseudocodex.sty.bak
  Changes: ['Normalized/Injected accessibility package loader in algpseudocodex.sty']
[MODIFIED] /Users/meli/Desktop/Kevin/UCB/EECS 16A/questionBank/sp25/dis/headers/eecs16b-essentials.sty
  Backup: Backup: /Users/meli/Desktop/Kevin/UCB/EECS 16A/questionBank/sp25/dis/headers/eecs16b-essentials.sty.bak
  Changes: ['Normalized/Injected accessibility package loader in eecs16b-essentials.sty']
[MODIFIED] /Users/meli/Desktop/Kevin/UCB/EECS 16A/questionBank/sp25/dis/headers/eecs16b-environments.sty
  Backup: Backup: /Users/meli/Desktop/Kevin/UCB/EECS 16A/questionBank/sp25/dis/headers/eecs16b-environments.sty.bak
  Changes: ['Normalized/Injected accessibility package loader in eecs16b-environments.sty']
[MODIFIED] /Users/meli/Desktop/Kevin/UCB/EECS 16A/questionBank/sp25/dis/headers/eecs16b-layout.sty
  Backup: Backup: /Users/meli/Desktop/Kevin/UCB/EECS 16A/questionBank/sp25/dis/headers/eecs16b-layout.sty.bak
  Changes: ['Normalized/Injected accessibility package loader in eecs16b-layout.sty']
[MODIFIED] /Users/meli/Desktop/Kevin/UCB/EECS 16A/questionBank/sp22/sp22.sty
  Backup: Backup: /Users/meli/Desktop/Kevin/UCB/EECS 16A/questionBank/sp22/sp22.sty.bak
  Changes: ['Normalized/Injected accessibility package loader in sp22.sty']
[MODIFIED] /Users/meli/Desktop/Kevin/UCB/EECS 16A/questionBank/sp22/hw/11/circuitikz.sty
  Backup: Backup: /Users/meli/Desktop/Kevin/UCB/EECS 16A/questionBank/sp22/hw/11/circuitikz.sty.bak
  Changes: ['Normalized/Injected accessibility package loader in circuitikz.sty']
[MODIFIED] /Users/meli/Desktop/Kevin/UCB/EECS 16A/questionBank/sp22/hw/07/circuitikz.sty
  Backup: Backup: /Users/meli/Desktop/Kevin/UCB/EECS 16A/questionBank/sp22/hw/07/circuitikz.sty.bak
  Changes: ['Normalized/Injected accessibility package loader in circuitikz.sty']
[MODIFIED] /Users/meli/Desktop/Kevin/UCB/EECS 16A/questionBank/sp22/hw/09/circuitikz.sty
  Backup: Backup: /Users/meli/Desktop/Kevin/UCB/EECS 16A/questionBank/sp22/hw/09/circuitikz.sty.bak
  Changes: ['Normalized/Injected accessibility package loader in circuitikz.sty']
[MODIFIED] /Users/meli/Desktop/Kevin/UCB/EECS 16A/questionBank/fa18_questionBank/hw/7/kbordermatrix.sty
  Backup: Backup: /Users/meli/Desktop/Kevin/UCB/EECS 16A/questionBank/fa18_questionBank/hw/7/kbordermatrix.sty.bak
  Changes: ['Normalized/Injected accessibility package loader in kbordermatrix.sty']
[MODIFIED] /Users/meli/Desktop/Kevin/UCB/EECS 16A/questionBank/sp23/sp23.sty
  Backup: Backup: /Users/meli/Desktop/Kevin/UCB/EECS 16A/questionBank/sp23/sp23.sty.bak
  Changes: ['Normalized/Injected accessibility package loader in sp23.sty']
[MODIFIED] /Users/meli/Desktop/Kevin/UCB/EECS 16A/questionBank/sp23/hw/11/circuitikz.sty
  Backup: Backup: /Users/meli/Desktop/Kevin/UCB/EECS 16A/questionBank/sp23/hw/11/circuitikz.sty.bak
  Changes: ['Normalized/Injected accessibility package loader in circuitikz.sty']
[MODIFIED] /Users/meli/Desktop/Kevin/UCB/EECS 16A/questionBank/sp23/hw/07/circuitikz.sty
  Backup: Backup: /Users/meli/Desktop/Kevin/UCB/EECS 16A/questionBank/sp23/hw/07/circuitikz.sty.bak
  Changes: ['Normalized/Injected accessibility package loader in circuitikz.sty']
[MODIFIED] /Users/meli/Desktop/Kevin/UCB/EECS 16A/questionBank/sp23/hw/09/circuitikz.sty
  Backup: Backup: /Users/meli/Desktop/Kevin/UCB/EECS 16A/questionBank/sp23/hw/09/circuitikz.sty.bak
  Changes: ['Normalized/Injected accessibility package loader in circuitikz.sty']
[MODIFIED] /Users/meli/Desktop/Kevin/UCB/EECS 16A/questionBank/sp23/dis/examprep09A/questions/circuitikz.sty
  Backup: Backup: /Users/meli/Desktop/Kevin/UCB/EECS 16A/questionBank/sp23/dis/examprep09A/questions/circuitikz.sty.bak
  Changes: ['Normalized/Injected accessibility package loader in circuitikz.sty']
[MODIFIED] /Users/meli/Desktop/Kevin/UCB/EECS 16A/questionBank/sp23/dis/examprep08B/questions/circuitikz.sty
  Backup: Backup: /Users/meli/Desktop/Kevin/UCB/EECS 16A/questionBank/sp23/dis/examprep08B/questions/circuitikz.sty.bak
  Changes: ['Normalized/Injected accessibility package loader in circuitikz.sty']
[MODIFIED] /Users/meli/Desktop/Kevin/UCB/EECS 16A/questionBank/sp24/sp24.sty
  Backup: Backup: /Users/meli/Desktop/Kevin/UCB/EECS 16A/questionBank/sp24/sp24.sty.bak
  Changes: ['Normalized/Injected accessibility package loader in sp24.sty']
[MODIFIED] /Users/meli/Desktop/Kevin/UCB/EECS 16A/questionBank/sp24/hw/6/circuitikz.sty
  Backup: Backup: /Users/meli/Desktop/Kevin/UCB/EECS 16A/questionBank/sp24/hw/6/circuitikz.sty.bak
  Changes: ['Normalized/Injected accessibility package loader in circuitikz.sty']
[MODIFIED] /Users/meli/Desktop/Kevin/UCB/EECS 16A/questionBank/sp24/hw/8/circuitikz.sty
  Backup: Backup: /Users/meli/Desktop/Kevin/UCB/EECS 16A/questionBank/sp24/hw/8/circuitikz.sty.bak
  Changes: ['Normalized/Injected accessibility package loader in circuitikz.sty']
[MODIFIED] /Users/meli/Desktop/Kevin/UCB/EECS 16A/questionBank/sp24/hw/10-old/circuitikz.sty
  Backup: Backup: /Users/meli/Desktop/Kevin/UCB/EECS 16A/questionBank/sp24/hw/10-old/circuitikz.sty.bak
  Changes: ['Normalized/Injected accessibility package loader in circuitikz.sty']
[MODIFIED] /Users/meli/Desktop/Kevin/UCB/EECS 16A/questionBank/sp21_questionBank/hw/7/kbordermatrix.sty
  Backup: Backup: /Users/meli/Desktop/Kevin/UCB/EECS 16A/questionBank/sp21_questionBank/hw/7/kbordermatrix.sty.bak
  Changes: ['Normalized/Injected accessibility package loader in kbordermatrix.sty']
[MODIFIED] /Users/meli/Desktop/Kevin/UCB/EECS 16A/questionBank/notes_fa21/rahul.sty
  Backup: Backup: /Users/meli/Desktop/Kevin/UCB/EECS 16A/questionBank/notes_fa21/rahul.sty.bak
  Changes: ['Normalized/Injected accessibility package loader in rahul.sty']
[MODIFIED] /Users/meli/Desktop/Kevin/UCB/EECS 16A/questionBank/notes_fa21/ee16.sty
  Backup: Backup: /Users/meli/Desktop/Kevin/UCB/EECS 16A/questionBank/notes_fa21/ee16.sty.bak
  Changes: ['Updated footer title references in ee16.sty', 'Updated \\qns in ee16.sty', 'Updated \\q in ee16.sty', 'Normalized/Injected accessibility package loader in ee16.sty']
[MODIFIED] /Users/meli/Desktop/Kevin/UCB/EECS 16A/questionBank/notes_fa21/examtonotes.sty
  Backup: Backup: /Users/meli/Desktop/Kevin/UCB/EECS 16A/questionBank/notes_fa21/examtonotes.sty.bak
  Changes: ['Normalized/Injected accessibility package loader in examtonotes.sty']
[MODIFIED] /Users/meli/Desktop/Kevin/UCB/EECS 16A/questionBank/notes_fa21/note10/diagrams.sty
  Backup: Backup: /Users/meli/Desktop/Kevin/UCB/EECS 16A/questionBank/notes_fa21/note10/diagrams.sty.bak
  Changes: ['Normalized/Injected accessibility package loader in diagrams.sty']
[MODIFIED] /Users/meli/Desktop/Kevin/UCB/EECS 16A/questionBank/fa19_questionBank/hw/7/kbordermatrix.sty
  Backup: Backup: /Users/meli/Desktop/Kevin/UCB/EECS 16A/questionBank/fa19_questionBank/hw/7/kbordermatrix.sty.bak
  Changes: ['Normalized/Injected accessibility package loader in kbordermatrix.sty']
