[UNCHANGED] /Users/meli/Desktop/Kevin/UCB/EECS 16A/questionBank/questionBank/hw/q_listyourstudygroup.tex
[UNCHANGED] /Users/meli/Desktop/Kevin/UCB/EECS 16A/questionBank/questionBank/hw/q_listyourstudygroup_HW1.tex
[UNCHANGED] /Users/meli/Desktop/Kevin/UCB/EECS 16A/questionBank/questionBank/hw/q_administrivia.tex
[UNCHANGED] /Users/meli/Desktop/Kevin/UCB/EECS 16A/questionBank/questionBank/hw/q_makeyourownproblem.tex
[UNCHANGED] /Users/meli/Desktop/Kevin/UCB/EECS 16A/questionBank/questionBank/hw/9/q_constrained_lstsq.tex
[UNCHANGED] /Users/meli/Desktop/Kevin/UCB/EECS 16A/questionBank/questionBank/hw/9/q_cute_decomp.tex
[UNCHANGED] /Users/meli/Desktop/Kevin/UCB/EECS 16A/questionBank/questionBank/hw/9/q_geom_determinants.tex
[UNCHANGED] /Users/meli/Desktop/Kevin/UCB/EECS 16A/questionBank/questionBank/hw/9/q_segway.tex
[UNCHANGED] /Users/meli/Desktop/Kevin/UCB/EECS 16A/questionBank/questionBank/hw/9/q_mech_proj.tex
[UNCHANGED] /Users/meli/Desktop/Kevin/UCB/EECS 16A/questionBank/questionBank/hw/9/q_ellipse.tex
[UNCHANGED] /Users/meli/Desktop/Kevin/UCB/EECS 16A/questionBank/questionBank/hw/9/q_fountain_null.tex
[UNCHANGED] /Users/meli/Desktop/Kevin/UCB/EECS 16A/questionBank/questionBank/hw/9/q_determinants.tex
[UNCHANGED] /Users/meli/Desktop/Kevin/UCB/EECS 16A/questionBank/questionBank/hw/9/QR_Least_Squares.tex
[UNCHANGED] /Users/meli/Desktop/Kevin/UCB/EECS 16A/questionBank/questionBank/hw/9/q_mech_lsq.tex
[UNCHANGED] /Users/meli/Desktop/Kevin/UCB/EECS 16A/questionBank/questionBank/hw/9/q_eig_proof.tex
[UNCHANGED] /Users/meli/Desktop/Kevin/UCB/EECS 16A/questionBank/questionBank/hw/9/q_vehicle.tex
[UNCHANGED] /Users/meli/Desktop/Kevin/UCB/EECS 16A/questionBank/questionBank/hw/9/q_mechanical_null.tex
[UNCHANGED] /Users/meli/Desktop/Kevin/UCB/EECS 16A/questionBank/questionBank/hw/9/q_tallwide.tex
[UNCHANGED] /Users/meli/Desktop/Kevin/UCB/EECS 16A/questionBank/questionBank/hw/9/q_comb.tex
[UNCHANGED] /Users/meli/Desktop/Kevin/UCB/EECS 16A/questionBank/questionBank/hw/9/q_diagonalization.tex
[UNCHANGED] /Users/meli/Desktop/Kevin/UCB/EECS 16A/questionBank/questionBank/hw/9/q_segway_figs/cart_pole.tex
[UNCHANGED] /Users/meli/Desktop/Kevin/UCB/EECS 16A/questionBank/questionBank/hw/0/q_resources.tex
[UNCHANGED] /Users/meli/Desktop/Kevin/UCB/EECS 16A/questionBank/questionBank/hw/0/q_academic_integrity.tex
[UNCHANGED] /Users/meli/Desktop/Kevin/UCB/EECS 16A/questionBank/questionBank/hw/0/q_study_groups.tex
[UNCHANGED] /Users/meli/Desktop/Kevin/UCB/EECS 16A/questionBank/questionBank/hw/0/q_syllabus.tex
[UNCHANGED] /Users/meli/Desktop/Kevin/UCB/EECS 16A/questionBank/questionBank/hw/0/q_survey.tex
[UNCHANGED] /Users/meli/Desktop/Kevin/UCB/EECS 16A/questionBank/questionBank/hw/11/q_fibonacci.tex
[UNCHANGED] /Users/meli/Desktop/Kevin/UCB/EECS 16A/questionBank/questionBank/hw/11/q_heating_zir_zsr.tex
[UNCHANGED] /Users/meli/Desktop/Kevin/UCB/EECS 16A/questionBank/questionBank/hw/11/q_mechanical_det_inv.tex
[MODIFIED] /Users/meli/Desktop/Kevin/UCB/EECS 16A/questionBank/questionBank/hw/11/q_pca_movie.tex
  Changes: Updated 11 axis label node(s) with white background
[UNCHANGED] /Users/meli/Desktop/Kevin/UCB/EECS 16A/questionBank/questionBank/hw/11/q_linreg.tex
[UNCHANGED] /Users/meli/Desktop/Kevin/UCB/EECS 16A/questionBank/questionBank/hw/11/q_mechanical_determinants.tex
[UNCHANGED] /Users/meli/Desktop/Kevin/UCB/EECS 16A/questionBank/questionBank/hw/11/q_pseudoinverse.tex
[UNCHANGED] /Users/meli/Desktop/Kevin/UCB/EECS 16A/questionBank/questionBank/hw/11/q_mechanical_eigen.tex
[UNCHANGED] /Users/meli/Desktop/Kevin/UCB/EECS 16A/questionBank/questionBank/hw/11/q_svd_proofs.tex
[UNCHANGED] /Users/meli/Desktop/Kevin/UCB/EECS 16A/questionBank/questionBank/hw/11/q_constrained_lsq.tex
[UNCHANGED] /Users/meli/Desktop/Kevin/UCB/EECS 16A/questionBank/questionBank/hw/11/q_svd_computation.tex
[MODIFIED] /Users/meli/Desktop/Kevin/UCB/EECS 16A/questionBank/questionBank/hw/11/q_fraudulent_transactions.tex
  Changes: Updated 4 axis label node(s) with white background
[UNCHANGED] /Users/meli/Desktop/Kevin/UCB/EECS 16A/questionBank/questionBank/hw/11/q_ridge_regression.tex
[UNCHANGED] /Users/meli/Desktop/Kevin/UCB/EECS 16A/questionBank/questionBank/hw/11/q_image_compression.tex
[UNCHANGED] /Users/meli/Desktop/Kevin/UCB/EECS 16A/questionBank/questionBank/hw/11/q_gene.tex
[UNCHANGED] /Users/meli/Desktop/Kevin/UCB/EECS 16A/questionBank/questionBank/hw/11/q_cloud_sensing.tex
[UNCHANGED] /Users/meli/Desktop/Kevin/UCB/EECS 16A/questionBank/questionBank/hw/11/q_lsq_QR.tex
[UNCHANGED] /Users/meli/Desktop/Kevin/UCB/EECS 16A/questionBank/questionBank/hw/11/q_inference.tex
[UNCHANGED] /Users/meli/Desktop/Kevin/UCB/EECS 16A/questionBank/questionBank/hw/11/q_lsq_proof.tex
[UNCHANGED] /Users/meli/Desktop/Kevin/UCB/EECS 16A/questionBank/questionBank/hw/11/q_SVD_QR.tex
[UNCHANGED] /Users/meli/Desktop/Kevin/UCB/EECS 16A/questionBank/questionBank/hw/7/q_matrix_proofs.tex
[UNCHANGED] /Users/meli/Desktop/Kevin/UCB/EECS 16A/questionBank/questionBank/hw/7/q_matmul.tex
[UNCHANGED] /Users/meli/Desktop/Kevin/UCB/EECS 16A/questionBank/questionBank/hw/7/q_fountain.tex
[UNCHANGED] /Users/meli/Desktop/Kevin/UCB/EECS 16A/questionBank/questionBank/hw/7/q_skew.tex
[UNCHANGED] /Users/meli/Desktop/Kevin/UCB/EECS 16A/questionBank/questionBank/hw/7/q_matvec_matmat_mult.tex
[UNCHANGED] /Users/meli/Desktop/Kevin/UCB/EECS 16A/questionBank/questionBank/hw/7/q_vecvec_matvec_matmat_mult.tex
[UNCHANGED] /Users/meli/Desktop/Kevin/UCB/EECS 16A/questionBank/questionBank/hw/7/q_quadcopter.tex
[UNCHANGED] /Users/meli/Desktop/Kevin/UCB/EECS 16A/questionBank/questionBank/hw/7/q_matrix_mult_transpose_practice_proofs.tex
[UNCHANGED] /Users/meli/Desktop/Kevin/UCB/EECS 16A/questionBank/questionBank/hw/7/q_gaussian_elimination.tex
[UNCHANGED] /Users/meli/Desktop/Kevin/UCB/EECS 16A/questionBank/questionBank/hw/7/q_polydiff.tex
[UNCHANGED] /Users/meli/Desktop/Kevin/UCB/EECS 16A/questionBank/questionBank/hw/7/q_equal.tex
[UNCHANGED] /Users/meli/Desktop/Kevin/UCB/EECS 16A/questionBank/questionBank/hw/7/q_mechanical_null.tex
[UNCHANGED] /Users/meli/Desktop/Kevin/UCB/EECS 16A/questionBank/questionBank/hw/7/q_matrix_reduced.tex
[UNCHANGED] /Users/meli/Desktop/Kevin/UCB/EECS 16A/questionBank/questionBank/hw/7/q_traces.tex
[UNCHANGED] /Users/meli/Desktop/Kevin/UCB/EECS 16A/questionBank/questionBank/hw/7/q_fountain_figs/fountain_code.tex
[MODIFIED] /Users/meli/Desktop/Kevin/UCB/EECS 16A/questionBank/questionBank/hw/7/q_matmul_figs/their_basis_view.tex
  Changes: Updated 10 axis label node(s) with white background
[MODIFIED] /Users/meli/Desktop/Kevin/UCB/EECS 16A/questionBank/questionBank/hw/7/q_matmul_figs/your_basis_view.tex
  Changes: Updated 10 axis label node(s) with white background
[MODIFIED] /Users/meli/Desktop/Kevin/UCB/EECS 16A/questionBank/questionBank/hw/7/q_matmul_figs/standard_basis_view.tex
  Changes: Updated 10 axis label node(s) with white background
[UNCHANGED] /Users/meli/Desktop/Kevin/UCB/EECS 16A/questionBank/questionBank/hw/6/q_chev.tex
[UNCHANGED] /Users/meli/Desktop/Kevin/UCB/EECS 16A/questionBank/questionBank/hw/6/q_mechanical_gram_schmidt.tex
[UNCHANGED] /Users/meli/Desktop/Kevin/UCB/EECS 16A/questionBank/questionBank/hw/6/q_converse.tex
[UNCHANGED] /Users/meli/Desktop/Kevin/UCB/EECS 16A/questionBank/questionBank/hw/6/q_weightednorm.tex
[UNCHANGED] /Users/meli/Desktop/Kevin/UCB/EECS 16A/questionBank/questionBank/hw/6/q_matrix_types.tex
[UNCHANGED] /Users/meli/Desktop/Kevin/UCB/EECS 16A/questionBank/questionBank/hw/6/orthonormalization_proofs.tex
[UNCHANGED] /Users/meli/Desktop/Kevin/UCB/EECS 16A/questionBank/questionBank/hw/6/q_func_schmidt.tex
[UNCHANGED] /Users/meli/Desktop/Kevin/UCB/EECS 16A/questionBank/questionBank/hw/6/q_adj.tex
[UNCHANGED] /Users/meli/Desktop/Kevin/UCB/EECS 16A/questionBank/questionBank/hw/6/q_leverage.tex
[UNCHANGED] /Users/meli/Desktop/Kevin/UCB/EECS 16A/questionBank/questionBank/hw/6/q_braincells.tex
[UNCHANGED] /Users/meli/Desktop/Kevin/UCB/EECS 16A/questionBank/questionBank/hw/6/grimes_state_space.tex
[UNCHANGED] /Users/meli/Desktop/Kevin/UCB/EECS 16A/questionBank/questionBank/hw/6/q_reverse.tex
[UNCHANGED] /Users/meli/Desktop/Kevin/UCB/EECS 16A/questionBank/questionBank/hw/6/q_alice_bob_putnam.tex
[UNCHANGED] /Users/meli/Desktop/Kevin/UCB/EECS 16A/questionBank/questionBank/hw/6/q_mat.tex
[UNCHANGED] /Users/meli/Desktop/Kevin/UCB/EECS 16A/questionBank/questionBank/hw/1/q_complex.tex
[UNCHANGED] /Users/meli/Desktop/Kevin/UCB/EECS 16A/questionBank/questionBank/hw/1/q_inner_product_properties.tex
[UNCHANGED] /Users/meli/Desktop/Kevin/UCB/EECS 16A/questionBank/questionBank/hw/1/q_subspace_ops.tex
[UNCHANGED] /Users/meli/Desktop/Kevin/UCB/EECS 16A/questionBank/questionBank/hw/1/q_vec_sparse.tex
[UNCHANGED] /Users/meli/Desktop/Kevin/UCB/EECS 16A/questionBank/questionBank/hw/1/q_cauchyschwarztotriangle.tex
[UNCHANGED] /Users/meli/Desktop/Kevin/UCB/EECS 16A/questionBank/questionBank/hw/1/q_complex_proofs.tex
[UNCHANGED] /Users/meli/Desktop/Kevin/UCB/EECS 16A/questionBank/questionBank/hw/1/q_vec_word.tex
[UNCHANGED] /Users/meli/Desktop/Kevin/UCB/EECS 16A/questionBank/questionBank/hw/1/q_polynomials.tex
[UNCHANGED] /Users/meli/Desktop/Kevin/UCB/EECS 16A/questionBank/questionBank/hw/1/q_mechanical_subspace.tex
[UNCHANGED] /Users/meli/Desktop/Kevin/UCB/EECS 16A/questionBank/questionBank/hw/1/q_vec_images.tex
[UNCHANGED] /Users/meli/Desktop/Kevin/UCB/EECS 16A/questionBank/questionBank/hw/1/q_inner_product_class.tex
[UNCHANGED] /Users/meli/Desktop/Kevin/UCB/EECS 16A/questionBank/questionBank/hw/1/q_vec_geo.tex
[UNCHANGED] /Users/meli/Desktop/Kevin/UCB/EECS 16A/questionBank/questionBank/hw/1/q_vec_basic.tex
[UNCHANGED] /Users/meli/Desktop/Kevin/UCB/EECS 16A/questionBank/questionBank/hw/1/q_stacked_lin.tex
[UNCHANGED] /Users/meli/Desktop/Kevin/UCB/EECS 16A/questionBank/questionBank/hw/1/q_many_parts.tex
[UNCHANGED] /Users/meli/Desktop/Kevin/UCB/EECS 16A/questionBank/questionBank/hw/1/q_mechanical_lin_dep.tex
[UNCHANGED] /Users/meli/Desktop/Kevin/UCB/EECS 16A/questionBank/questionBank/hw/10/q_midterm_survey.tex
[UNCHANGED] /Users/meli/Desktop/Kevin/UCB/EECS 16A/questionBank/questionBank/hw/10/q5__chargeShareDigits.tex
[UNCHANGED] /Users/meli/Desktop/Kevin/UCB/EECS 16A/questionBank/questionBank/hw/10/q_prelab.tex
[UNCHANGED] /Users/meli/Desktop/Kevin/UCB/EECS 16A/questionBank/questionBank/hw/10/q_outerprod.tex
[MODIFIED] /Users/meli/Desktop/Kevin/UCB/EECS 16A/questionBank/questionBank/hw/10/negative_voltage_vA.tex
  Changes: Updated 2 axis label node(s) with white background
[MODIFIED] /Users/meli/Desktop/Kevin/UCB/EECS 16A/questionBank/questionBank/hw/10/q_linear_nns.tex
  Changes: Updated 9 axis label node(s) with white background
[MODIFIED] /Users/meli/Desktop/Kevin/UCB/EECS 16A/questionBank/questionBank/hw/10/charge_sharing_choices.tex
  Changes: Updated 5 axis label node(s) with white background
[UNCHANGED] /Users/meli/Desktop/Kevin/UCB/EECS 16A/questionBank/questionBank/hw/10/symmetric_matrices.tex
[UNCHANGED] /Users/meli/Desktop/Kevin/UCB/EECS 16A/questionBank/questionBank/hw/10/q_neural_net_chip.tex
[MODIFIED] /Users/meli/Desktop/Kevin/UCB/EECS 16A/questionBank/questionBank/hw/10/q_otamatone.tex
  Changes: Updated 19 axis label node(s) with white background
[UNCHANGED] /Users/meli/Desktop/Kevin/UCB/EECS 16A/questionBank/questionBank/hw/10/q_gps.tex
[UNCHANGED] /Users/meli/Desktop/Kevin/UCB/EECS 16A/questionBank/questionBank/hw/10/q_weighted_pinv.tex
[UNCHANGED] /Users/meli/Desktop/Kevin/UCB/EECS 16A/questionBank/questionBank/hw/10/q_mech_lsq.tex
[UNCHANGED] /Users/meli/Desktop/Kevin/UCB/EECS 16A/questionBank/questionBank/hw/10/q_spectral_graphs.tex
[UNCHANGED] /Users/meli/Desktop/Kevin/UCB/EECS 16A/questionBank/questionBank/hw/10/q_music.tex
[UNCHANGED] /Users/meli/Desktop/Kevin/UCB/EECS 16A/questionBank/questionBank/hw/10/q_mech_corr.tex
[UNCHANGED] /Users/meli/Desktop/Kevin/UCB/EECS 16A/questionBank/questionBank/hw/10/q_ATA_proofs.tex
[UNCHANGED] /Users/meli/Desktop/Kevin/UCB/EECS 16A/questionBank/questionBank/hw/10/q_notes.tex
[UNCHANGED] /Users/meli/Desktop/Kevin/UCB/EECS 16A/questionBank/questionBank/hw/10/q_mech_lsq_figs/pointslsq.tex
[UNCHANGED] /Users/meli/Desktop/Kevin/UCB/EECS 16A/questionBank/questionBank/hw/10/q_mech_lsq_figs/pointslsq_b.tex
[UNCHANGED] /Users/meli/Desktop/Kevin/UCB/EECS 16A/questionBank/questionBank/hw/10/q_mech_lsq_figs/pointslsq_a.tex
[UNCHANGED] /Users/meli/Desktop/Kevin/UCB/EECS 16A/questionBank/questionBank/hw/10/q_music/2sig_linear_cc2.tex
[UNCHANGED] /Users/meli/Desktop/Kevin/UCB/EECS 16A/questionBank/questionBank/hw/10/q_music/2sig_norm.tex
[UNCHANGED] /Users/meli/Desktop/Kevin/UCB/EECS 16A/questionBank/questionBank/hw/10/q_music/2sig_linear_cc.tex
[UNCHANGED] /Users/meli/Desktop/Kevin/UCB/EECS 16A/questionBank/questionBank/hw/10/q_mech_corr_figs/2sigstocorrelate_lincorrN1.tex
[UNCHANGED] /Users/meli/Desktop/Kevin/UCB/EECS 16A/questionBank/questionBank/hw/10/q_mech_corr_figs/2sig_linear_period_correlation.tex
[UNCHANGED] /Users/meli/Desktop/Kevin/UCB/EECS 16A/questionBank/questionBank/hw/10/q_mech_corr_figs/2sigstocorrelate_lincorrN2.tex
[UNCHANGED] /Users/meli/Desktop/Kevin/UCB/EECS 16A/questionBank/questionBank/hw/10/q_mech_corr_figs/2sigstocorrelate_cross21.tex
[UNCHANGED] /Users/meli/Desktop/Kevin/UCB/EECS 16A/questionBank/questionBank/hw/10/q_mech_corr_figs/period_s2.tex
[UNCHANGED] /Users/meli/Desktop/Kevin/UCB/EECS 16A/questionBank/questionBank/hw/10/q_mech_corr_figs/sig2shiftedbackward.tex
[UNCHANGED] /Users/meli/Desktop/Kevin/UCB/EECS 16A/questionBank/questionBank/hw/10/q_mech_corr_figs/period_s1.tex
[UNCHANGED] /Users/meli/Desktop/Kevin/UCB/EECS 16A/questionBank/questionBank/hw/10/q_mech_corr_figs/2sigstocorrelate_auto1.tex
[UNCHANGED] /Users/meli/Desktop/Kevin/UCB/EECS 16A/questionBank/questionBank/hw/10/q_mech_corr_figs/sig2shiftedforward.tex
[UNCHANGED] /Users/meli/Desktop/Kevin/UCB/EECS 16A/questionBank/questionBank/hw/10/q_mech_corr_figs/2sigstocorrelate_auto2.tex
[UNCHANGED] /Users/meli/Desktop/Kevin/UCB/EECS 16A/questionBank/questionBank/hw/10/q_mech_corr_figs/2sig_periodic_autocorrelation.tex
[UNCHANGED] /Users/meli/Desktop/Kevin/UCB/EECS 16A/questionBank/questionBank/hw/10/q_mech_corr_figs/2sigstocorrelate_cross12.tex
[UNCHANGED] /Users/meli/Desktop/Kevin/UCB/EECS 16A/questionBank/questionBank/hw/10/q_mech_corr_figs/2sigstocorrelate.tex
[UNCHANGED] /Users/meli/Desktop/Kevin/UCB/EECS 16A/questionBank/questionBank/hw/10/q_mech_corr_figs/2sig_cross_correlation.tex
[UNCHANGED] /Users/meli/Desktop/Kevin/UCB/EECS 16A/questionBank/questionBank/hw/10/q_mech_corr_figs/2sig_linear_autocorrelation.tex
[UNCHANGED] /Users/meli/Desktop/Kevin/UCB/EECS 16A/questionBank/questionBank/hw/10/q_mech_corr_figs/2sig_periodic_correlation.tex
[UNCHANGED] /Users/meli/Desktop/Kevin/UCB/EECS 16A/questionBank/questionBank/hw/10/q_inference_figs/q_inference_2d_examples.tex
[UNCHANGED] /Users/meli/Desktop/Kevin/UCB/EECS 16A/questionBank/questionBank/hw/8/q_qr_proofs.tex
[UNCHANGED] /Users/meli/Desktop/Kevin/UCB/EECS 16A/questionBank/questionBank/hw/8/q_QR_decomp.tex
[UNCHANGED] /Users/meli/Desktop/Kevin/UCB/EECS 16A/questionBank/questionBank/hw/8/q_diag.tex
[UNCHANGED] /Users/meli/Desktop/Kevin/UCB/EECS 16A/questionBank/questionBank/hw/8/q_nilpotent.tex
[UNCHANGED] /Users/meli/Desktop/Kevin/UCB/EECS 16A/questionBank/questionBank/hw/8/q_adj_matrix_paths.tex
[UNCHANGED] /Users/meli/Desktop/Kevin/UCB/EECS 16A/questionBank/questionBank/hw/8/q_mechanical_fundamental_spaces.tex
[UNCHANGED] /Users/meli/Desktop/Kevin/UCB/EECS 16A/questionBank/questionBank/hw/8/q_gram.tex
[UNCHANGED] /Users/meli/Desktop/Kevin/UCB/EECS 16A/questionBank/questionBank/hw/8/q_stitching.tex
[UNCHANGED] /Users/meli/Desktop/Kevin/UCB/EECS 16A/questionBank/questionBank/hw/8/q_mech_inverses.tex
[UNCHANGED] /Users/meli/Desktop/Kevin/UCB/EECS 16A/questionBank/questionBank/hw/8/q_misc_proofs.tex
[UNCHANGED] /Users/meli/Desktop/Kevin/UCB/EECS 16A/questionBank/questionBank/hw/8/q_quadcopter.tex
[UNCHANGED] /Users/meli/Desktop/Kevin/UCB/EECS 16A/questionBank/questionBank/hw/8/q_mech_inverses_v2.tex
[UNCHANGED] /Users/meli/Desktop/Kevin/UCB/EECS 16A/questionBank/questionBank/hw/8/q_vandermonde copy.tex
[UNCHANGED] /Users/meli/Desktop/Kevin/UCB/EECS 16A/questionBank/questionBank/hw/8/q_troll.tex
[MODIFIED] /Users/meli/Desktop/Kevin/UCB/EECS 16A/questionBank/questionBank/hw/8/q_babak_reservoir.tex
  Changes: Updated 9 axis label node(s) with white background
[MODIFIED] /Users/meli/Desktop/Kevin/UCB/EECS 16A/questionBank/questionBank/hw/8/q_mech_inverses_figs/ques_c.tex
  Changes: Updated 7 axis label node(s) with white background
[MODIFIED] /Users/meli/Desktop/Kevin/UCB/EECS 16A/questionBank/questionBank/hw/8/q_mech_inverses_figs/rotate1b.tex
  Changes: Updated 7 axis label node(s) with white background
[MODIFIED] /Users/meli/Desktop/Kevin/UCB/EECS 16A/questionBank/questionBank/hw/8/q_mech_inverses_figs/ques_b.tex
  Changes: Updated 7 axis label node(s) with white background
[MODIFIED] /Users/meli/Desktop/Kevin/UCB/EECS 16A/questionBank/questionBank/hw/8/q_mech_inverses_figs/ques_1a.tex
  Changes: Updated 7 axis label node(s) with white background
[MODIFIED] /Users/meli/Desktop/Kevin/UCB/EECS 16A/questionBank/questionBank/hw/8/q_mech_inverses_figs/ques_a.tex
  Changes: Updated 7 axis label node(s) with white background
[UNCHANGED] /Users/meli/Desktop/Kevin/UCB/EECS 16A/questionBank/questionBank/hw/8/q_troll_figs/cos.tex
[UNCHANGED] /Users/meli/Desktop/Kevin/UCB/EECS 16A/questionBank/questionBank/hw/8/q_troll_figs/sin.tex
[UNCHANGED] /Users/meli/Desktop/Kevin/UCB/EECS 16A/questionBank/questionBank/hw/8/q_troll_figs/troll.tex
[UNCHANGED] /Users/meli/Desktop/Kevin/UCB/EECS 16A/questionBank/questionBank/hw/practice/q_tf.tex
[UNCHANGED] /Users/meli/Desktop/Kevin/UCB/EECS 16A/questionBank/questionBank/hw/practice/q_calc.tex
[UNCHANGED] /Users/meli/Desktop/Kevin/UCB/EECS 16A/questionBank/questionBank/hw/practice/q_affine_inverse.tex
[UNCHANGED] /Users/meli/Desktop/Kevin/UCB/EECS 16A/questionBank/questionBank/hw/practice/q_lin_image.tex
[UNCHANGED] /Users/meli/Desktop/Kevin/UCB/EECS 16A/questionBank/questionBank/hw/practice/q_inv_runsum.tex
[UNCHANGED] /Users/meli/Desktop/Kevin/UCB/EECS 16A/questionBank/questionBank/hw/practice/q_cheby.tex
[UNCHANGED] /Users/meli/Desktop/Kevin/UCB/EECS 16A/questionBank/questionBank/hw/practice/q_matrix_cancel.tex
[UNCHANGED] /Users/meli/Desktop/Kevin/UCB/EECS 16A/questionBank/questionBank/hw/practice/q_rotate.tex
[UNCHANGED] /Users/meli/Desktop/Kevin/UCB/EECS 16A/questionBank/questionBank/hw/practice/q_inverse_upper.tex
[UNCHANGED] /Users/meli/Desktop/Kevin/UCB/EECS 16A/questionBank/questionBank/hw/practice/q_vandermonde.tex
[UNCHANGED] /Users/meli/Desktop/Kevin/UCB/EECS 16A/questionBank/questionBank/hw/4/q_orthonormal_basis_basics.tex
[UNCHANGED] /Users/meli/Desktop/Kevin/UCB/EECS 16A/questionBank/questionBank/hw/4/q_stats1.tex
[MODIFIED] /Users/meli/Desktop/Kevin/UCB/EECS 16A/questionBank/questionBank/hw/4/q_polar_orthogonality.tex
  Changes: Updated 7 axis label node(s) with white background
[UNCHANGED] /Users/meli/Desktop/Kevin/UCB/EECS 16A/questionBank/questionBank/hw/4/q_orthovector.tex
[UNCHANGED] /Users/meli/Desktop/Kevin/UCB/EECS 16A/questionBank/questionBank/hw/4/q_orthonormalnorms.tex
[UNCHANGED] /Users/meli/Desktop/Kevin/UCB/EECS 16A/questionBank/questionBank/hw/4/q_gramprocess.tex
[UNCHANGED] /Users/meli/Desktop/Kevin/UCB/EECS 16A/questionBank/questionBank/hw/4/q_gramtwice.tex
[UNCHANGED] /Users/meli/Desktop/Kevin/UCB/EECS 16A/questionBank/questionBank/hw/4/q_eulers_theorem.tex
[UNCHANGED] /Users/meli/Desktop/Kevin/UCB/EECS 16A/questionBank/questionBank/hw/4/q_vector_matching.tex
[UNCHANGED] /Users/meli/Desktop/Kevin/UCB/EECS 16A/questionBank/questionBank/hw/4/q_orthobasis_proof.tex
[UNCHANGED] /Users/meli/Desktop/Kevin/UCB/EECS 16A/questionBank/questionBank/hw/4/q_gramschmidt_basic.tex
[UNCHANGED] /Users/meli/Desktop/Kevin/UCB/EECS 16A/questionBank/questionBank/hw/4/q_signal_projections.tex
[UNCHANGED] /Users/meli/Desktop/Kevin/UCB/EECS 16A/questionBank/questionBank/hw/4/q_roots_of_unity.tex
[UNCHANGED] /Users/meli/Desktop/Kevin/UCB/EECS 16A/questionBank/questionBank/hw/4/q_gramschmidt_early_term.tex
[UNCHANGED] /Users/meli/Desktop/Kevin/UCB/EECS 16A/questionBank/questionBank/hw/4/q_subspace_basis.tex
[UNCHANGED] /Users/meli/Desktop/Kevin/UCB/EECS 16A/questionBank/questionBank/hw/4/q_gramschmidt.tex
[MODIFIED] /Users/meli/Desktop/Kevin/UCB/EECS 16A/questionBank/questionBank/hw/4/q_gramschmidt_OLD.tex
  Changes: Updated 2 axis label node(s) with white background
[UNCHANGED] /Users/meli/Desktop/Kevin/UCB/EECS 16A/questionBank/questionBank/hw/4/q_mechanical_basis.tex
[MODIFIED] /Users/meli/Desktop/Kevin/UCB/EECS 16A/questionBank/questionBank/hw/4/q_vector_projection.tex
  Changes: Updated 6 axis label node(s) with white background
[UNCHANGED] /Users/meli/Desktop/Kevin/UCB/EECS 16A/questionBank/questionBank/hw/3/q_cauchyschwarz_2.tex
[UNCHANGED] /Users/meli/Desktop/Kevin/UCB/EECS 16A/questionBank/questionBank/hw/3/q_normsum.tex
[UNCHANGED] /Users/meli/Desktop/Kevin/UCB/EECS 16A/questionBank/questionBank/hw/3/q_orthonorm.tex
[UNCHANGED] /Users/meli/Desktop/Kevin/UCB/EECS 16A/questionBank/questionBank/hw/3/q_cauchyschwarz.tex
[UNCHANGED] /Users/meli/Desktop/Kevin/UCB/EECS 16A/questionBank/questionBank/hw/3/q_periodicity_basic_properties.tex
[UNCHANGED] /Users/meli/Desktop/Kevin/UCB/EECS 16A/questionBank/questionBank/hw/3/q_freq_redundancy_decomp.tex
[MODIFIED] /Users/meli/Desktop/Kevin/UCB/EECS 16A/questionBank/questionBank/hw/3/q_angle.tex
  Changes: Updated 4 axis label node(s) with white background
[UNCHANGED] /Users/meli/Desktop/Kevin/UCB/EECS 16A/questionBank/questionBank/hw/3/q_cash.tex
[UNCHANGED] /Users/meli/Desktop/Kevin/UCB/EECS 16A/questionBank/questionBank/hw/3/q_span_proof.tex
[UNCHANGED] /Users/meli/Desktop/Kevin/UCB/EECS 16A/questionBank/questionBank/hw/12/q_symmetric_matrices.tex
[UNCHANGED] /Users/meli/Desktop/Kevin/UCB/EECS 16A/questionBank/questionBank/hw/12/q_pca_movie.tex
[UNCHANGED] /Users/meli/Desktop/Kevin/UCB/EECS 16A/questionBank/questionBank/hw/12/q_dice_convolution.tex
[UNCHANGED] /Users/meli/Desktop/Kevin/UCB/EECS 16A/questionBank/questionBank/hw/12/q_pump_proofs.tex
[UNCHANGED] /Users/meli/Desktop/Kevin/UCB/EECS 16A/questionBank/questionBank/hw/12/q_special_signals.tex
[UNCHANGED] /Users/meli/Desktop/Kevin/UCB/EECS 16A/questionBank/questionBank/hw/12/q_pseudoinverse_proofs.tex
[UNCHANGED] /Users/meli/Desktop/Kevin/UCB/EECS 16A/questionBank/questionBank/hw/12/q_segway.tex
[UNCHANGED] /Users/meli/Desktop/Kevin/UCB/EECS 16A/questionBank/questionBank/hw/12/q_mechanical_eigen.tex
[UNCHANGED] /Users/meli/Desktop/Kevin/UCB/EECS 16A/questionBank/questionBank/hw/12/q_LSQ_SVD.tex
[UNCHANGED] /Users/meli/Desktop/Kevin/UCB/EECS 16A/questionBank/questionBank/hw/12/q_page_rank_proof.tex
[UNCHANGED] /Users/meli/Desktop/Kevin/UCB/EECS 16A/questionBank/questionBank/hw/12/q_social_media_hw.tex
[UNCHANGED] /Users/meli/Desktop/Kevin/UCB/EECS 16A/questionBank/questionBank/hw/12/q_echoes_ir.tex
[UNCHANGED] /Users/meli/Desktop/Kevin/UCB/EECS 16A/questionBank/questionBank/hw/12/q_vehicle.tex
[UNCHANGED] /Users/meli/Desktop/Kevin/UCB/EECS 16A/questionBank/questionBank/hw/12/q_model_properties.tex
[UNCHANGED] /Users/meli/Desktop/Kevin/UCB/EECS 16A/questionBank/questionBank/hw/12/q_traffic.tex
[UNCHANGED] /Users/meli/Desktop/Kevin/UCB/EECS 16A/questionBank/questionBank/hw/12/q_pagerank.tex
[UNCHANGED] /Users/meli/Desktop/Kevin/UCB/EECS 16A/questionBank/questionBank/hw/12/q_eigen_noise.tex
[UNCHANGED] /Users/meli/Desktop/Kevin/UCB/EECS 16A/questionBank/questionBank/hw/12/q_romeo_juliet_simplified.tex
[UNCHANGED] /Users/meli/Desktop/Kevin/UCB/EECS 16A/questionBank/questionBank/hw/12/q_drum_shape.tex
[UNCHANGED] /Users/meli/Desktop/Kevin/UCB/EECS 16A/questionBank/questionBank/hw/12/q_special_signals_deg.tex
[UNCHANGED] /Users/meli/Desktop/Kevin/UCB/EECS 16A/questionBank/questionBank/hw/12/figs/complex_flow_graph.tex
[UNCHANGED] /Users/meli/Desktop/Kevin/UCB/EECS 16A/questionBank/questionBank/hw/12/figs/simple_flow_graph.tex
[UNCHANGED] /Users/meli/Desktop/Kevin/UCB/EECS 16A/questionBank/questionBank/hw/12/q_segway_figs/cart_pole.tex
[UNCHANGED] /Users/meli/Desktop/Kevin/UCB/EECS 16A/questionBank/questionBank/hw/2/q_complex.tex
[UNCHANGED] /Users/meli/Desktop/Kevin/UCB/EECS 16A/questionBank/questionBank/hw/2/q_subspace_ops.tex
[UNCHANGED] /Users/meli/Desktop/Kevin/UCB/EECS 16A/questionBank/questionBank/hw/2/q_normid.tex
[UNCHANGED] /Users/meli/Desktop/Kevin/UCB/EECS 16A/questionBank/questionBank/hw/2/q_triangular.tex
[UNCHANGED] /Users/meli/Desktop/Kevin/UCB/EECS 16A/questionBank/questionBank/hw/2/q_gen_norm.tex
[MODIFIED] /Users/meli/Desktop/Kevin/UCB/EECS 16A/questionBank/questionBank/hw/2/q_projection_intuition.tex
  Changes: Updated 7 axis label node(s) with white background
[UNCHANGED] /Users/meli/Desktop/Kevin/UCB/EECS 16A/questionBank/questionBank/hw/2/q_LI_proof.tex
[UNCHANGED] /Users/meli/Desktop/Kevin/UCB/EECS 16A/questionBank/questionBank/hw/2/q_subspaces.tex
[UNCHANGED] /Users/meli/Desktop/Kevin/UCB/EECS 16A/questionBank/questionBank/hw/2/q_polynomials.tex
[UNCHANGED] /Users/meli/Desktop/Kevin/UCB/EECS 16A/questionBank/questionBank/hw/2/q_mechanical_subspace.tex
[UNCHANGED] /Users/meli/Desktop/Kevin/UCB/EECS 16A/questionBank/questionBank/hw/2/q_trireverse.tex
[MODIFIED] /Users/meli/Desktop/Kevin/UCB/EECS 16A/questionBank/questionBank/hw/2/q_spherical_distances.tex
  Changes: Updated 3 axis label node(s) with white background
[UNCHANGED] /Users/meli/Desktop/Kevin/UCB/EECS 16A/questionBank/questionBank/hw/2/q_cvdrisk.tex
[UNCHANGED] /Users/meli/Desktop/Kevin/UCB/EECS 16A/questionBank/questionBank/hw/2/q_netpresentvalue.tex
[UNCHANGED] /Users/meli/Desktop/Kevin/UCB/EECS 16A/questionBank/questionBank/hw/2/q_mechanical_basis.tex
[UNCHANGED] /Users/meli/Desktop/Kevin/UCB/EECS 16A/questionBank/questionBank/hw/2/q_stacked_lin.tex
[UNCHANGED] /Users/meli/Desktop/Kevin/UCB/EECS 16A/questionBank/questionBank/hw/2/q_many_parts.tex
[UNCHANGED] /Users/meli/Desktop/Kevin/UCB/EECS 16A/questionBank/questionBank/hw/2/q_mechanical_lin_dep.tex
[MODIFIED] /Users/meli/Desktop/Kevin/UCB/EECS 16A/questionBank/questionBank/hw/2/q_vector_matching_figs/matching_b.tex
  Changes: Updated 5 axis label node(s) with white background
[MODIFIED] /Users/meli/Desktop/Kevin/UCB/EECS 16A/questionBank/questionBank/hw/2/q_vector_matching_figs/matching_preamble.tex
  Changes: Updated 4 axis label node(s) with white background
[MODIFIED] /Users/meli/Desktop/Kevin/UCB/EECS 16A/questionBank/questionBank/hw/2/q_vector_matching_figs/matching_c.tex
  Changes: Updated 5 axis label node(s) with white background
[MODIFIED] /Users/meli/Desktop/Kevin/UCB/EECS 16A/questionBank/questionBank/hw/2/q_vector_matching_figs/matching_a.tex
  Changes: Updated 5 axis label node(s) with white background
[UNCHANGED] /Users/meli/Desktop/Kevin/UCB/EECS 16A/questionBank/questionBank/hw/13/q_how_much.tex
[MODIFIED] /Users/meli/Desktop/Kevin/UCB/EECS 16A/questionBank/questionBank/hw/13/q_dt_iir_filter.tex
  Changes: Updated 10 axis label node(s) with white background
[UNCHANGED] /Users/meli/Desktop/Kevin/UCB/EECS 16A/questionBank/questionBank/hw/13/q_first_order_driven.tex
[UNCHANGED] /Users/meli/Desktop/Kevin/UCB/EECS 16A/questionBank/questionBank/hw/13/q_segway.tex
[UNCHANGED] /Users/meli/Desktop/Kevin/UCB/EECS 16A/questionBank/questionBank/hw/13/q_prelab.tex
[UNCHANGED] /Users/meli/Desktop/Kevin/UCB/EECS 16A/questionBank/questionBank/hw/13/q_noise_cancel.tex
[UNCHANGED] /Users/meli/Desktop/Kevin/UCB/EECS 16A/questionBank/questionBank/hw/13/q_perpetual_motion.tex
[UNCHANGED] /Users/meli/Desktop/Kevin/UCB/EECS 16A/questionBank/questionBank/hw/13/rlc_vector_diff_eq.tex
[UNCHANGED] /Users/meli/Desktop/Kevin/UCB/EECS 16A/questionBank/questionBank/hw/13/q_diffeq_uniqueness.tex
[UNCHANGED] /Users/meli/Desktop/Kevin/UCB/EECS 16A/questionBank/questionBank/hw/13/q_dt_lti_properties.tex
[MODIFIED] /Users/meli/Desktop/Kevin/UCB/EECS 16A/questionBank/questionBank/hw/13/q_weighted_MPA.tex
  Changes: Updated 2 axis label node(s) with white background
[UNCHANGED] /Users/meli/Desktop/Kevin/UCB/EECS 16A/questionBank/questionBank/hw/13/q_course_eval.tex
[MODIFIED] /Users/meli/Desktop/Kevin/UCB/EECS 16A/questionBank/questionBank/hw/13/q_edge_detector.tex
  Changes: Updated 16 axis label node(s) with white background
[UNCHANGED] /Users/meli/Desktop/Kevin/UCB/EECS 16A/questionBank/questionBank/hw/13/q_vector_diffeq.tex
[UNCHANGED] /Users/meli/Desktop/Kevin/UCB/EECS 16A/questionBank/questionBank/hw/13/q_dt_lccde_coding.tex
[UNCHANGED] /Users/meli/Desktop/Kevin/UCB/EECS 16A/questionBank/questionBank/hw/13/q_survey.tex
[UNCHANGED] /Users/meli/Desktop/Kevin/UCB/EECS 16A/questionBank/questionBank/hw/13/q_notes.tex
[UNCHANGED] /Users/meli/Desktop/Kevin/UCB/EECS 16A/questionBank/questionBank/hw/13/q_segway_figs/cart_pole.tex
[UNCHANGED] /Users/meli/Desktop/Kevin/UCB/EECS 16A/questionBank/questionBank/hw/5/q_block.tex
[UNCHANGED] /Users/meli/Desktop/Kevin/UCB/EECS 16A/questionBank/questionBank/hw/5/q_2d_dtfs.tex
[UNCHANGED] /Users/meli/Desktop/Kevin/UCB/EECS 16A/questionBank/questionBank/hw/5/q_DTFS_mystery.tex
[UNCHANGED] /Users/meli/Desktop/Kevin/UCB/EECS 16A/questionBank/questionBank/hw/5/q_DFT_proofpart2.tex
[UNCHANGED] /Users/meli/Desktop/Kevin/UCB/EECS 16A/questionBank/questionBank/hw/5/q_aveRMS.tex
[UNCHANGED] /Users/meli/Desktop/Kevin/UCB/EECS 16A/questionBank/questionBank/hw/5/q_weightednorm.tex
[UNCHANGED] /Users/meli/Desktop/Kevin/UCB/EECS 16A/questionBank/questionBank/hw/5/q_timeseries.tex
[UNCHANGED] /Users/meli/Desktop/Kevin/UCB/EECS 16A/questionBank/questionBank/hw/5/q_DFT_proof.tex
[UNCHANGED] /Users/meli/Desktop/Kevin/UCB/EECS 16A/questionBank/questionBank/hw/5/q_linearcom.tex
[UNCHANGED] /Users/meli/Desktop/Kevin/UCB/EECS 16A/questionBank/questionBank/hw/5/q_DTFS_DFT_properties.tex
[UNCHANGED] /Users/meli/Desktop/Kevin/UCB/EECS 16A/questionBank/questionBank/hw/5/q_scale.tex
[UNCHANGED] /Users/meli/Desktop/Kevin/UCB/EECS 16A/questionBank/questionBank/hw/5/q_spread.tex
[MODIFIED] /Users/meli/Desktop/Kevin/UCB/EECS 16A/questionBank/questionBank/hw/5/q_squarewave.tex
  Changes: Updated 29 axis label node(s) with white background
[UNCHANGED] /Users/meli/Desktop/Kevin/UCB/EECS 16A/questionBank/questionBank/hw/5/q_DTFS_expansion.tex
[UNCHANGED] /Users/meli/Desktop/Kevin/UCB/EECS 16A/questionBank/questionBank/hw/5/q_DTFS_warmup.tex
[UNCHANGED] /Users/meli/Desktop/Kevin/UCB/EECS 16A/questionBank/questionBank/hw/14/q_omp_gramschmidt.tex
[UNCHANGED] /Users/meli/Desktop/Kevin/UCB/EECS 16A/questionBank/questionBank/hw/14/q_troll_v2.tex
[UNCHANGED] /Users/meli/Desktop/Kevin/UCB/EECS 16A/questionBank/questionBank/hw/14/q_omp_matrices.tex
