[UNCHANGED] /Users/meli/Desktop/Kevin/UCB/EECS 16A/questionBank/questionBank/hw/12/q_symmetric_matrices.tex
[MODIFIED] /Users/meli/Desktop/Kevin/UCB/EECS 16A/questionBank/questionBank/hw/12/q_pca_movie.tex
  Changes: Updated 11 axis label node(s) with white background
[UNCHANGED] /Users/meli/Desktop/Kevin/UCB/EECS 16A/questionBank/questionBank/hw/12/q_dice_convolution.tex
[MODIFIED] /Users/meli/Desktop/Kevin/UCB/EECS 16A/questionBank/questionBank/hw/12/q_pump_proofs.tex
  Changes: Updated 2 axis label node(s) with white background
[MODIFIED] /Users/meli/Desktop/Kevin/UCB/EECS 16A/questionBank/questionBank/hw/12/q_special_signals.tex
  Changes: Updated 48 axis label node(s) with white background
[UNCHANGED] /Users/meli/Desktop/Kevin/UCB/EECS 16A/questionBank/questionBank/hw/12/q_pseudoinverse_proofs.tex
[UNCHANGED] /Users/meli/Desktop/Kevin/UCB/EECS 16A/questionBank/questionBank/hw/12/q_segway.tex
[UNCHANGED] /Users/meli/Desktop/Kevin/UCB/EECS 16A/questionBank/questionBank/hw/12/q_mechanical_eigen.tex
[UNCHANGED] /Users/meli/Desktop/Kevin/UCB/EECS 16A/questionBank/questionBank/hw/12/q_LSQ_SVD.tex
[UNCHANGED] /Users/meli/Desktop/Kevin/UCB/EECS 16A/questionBank/questionBank/hw/12/q_page_rank_proof.tex
[MODIFIED] /Users/meli/Desktop/Kevin/UCB/EECS 16A/questionBank/questionBank/hw/12/q_social_media_hw.tex
  Changes: Updated 5 axis label node(s) with white background
[MODIFIED] /Users/meli/Desktop/Kevin/UCB/EECS 16A/questionBank/questionBank/hw/12/q_echoes_ir.tex
  Changes: Updated 6 axis label node(s) with white background
[UNCHANGED] /Users/meli/Desktop/Kevin/UCB/EECS 16A/questionBank/questionBank/hw/12/q_vehicle.tex
[UNCHANGED] /Users/meli/Desktop/Kevin/UCB/EECS 16A/questionBank/questionBank/hw/12/q_model_properties.tex
[UNCHANGED] /Users/meli/Desktop/Kevin/UCB/EECS 16A/questionBank/questionBank/hw/12/q_traffic.tex
[MODIFIED] /Users/meli/Desktop/Kevin/UCB/EECS 16A/questionBank/questionBank/hw/12/q_pagerank.tex
  Changes: Updated 16 axis label node(s) with white background
[UNCHANGED] /Users/meli/Desktop/Kevin/UCB/EECS 16A/questionBank/questionBank/hw/12/q_eigen_noise.tex
[MODIFIED] /Users/meli/Desktop/Kevin/UCB/EECS 16A/questionBank/questionBank/hw/12/q_romeo_juliet_simplified.tex
  Changes: Updated 34 axis label node(s) with white background
[UNCHANGED] /Users/meli/Desktop/Kevin/UCB/EECS 16A/questionBank/questionBank/hw/12/q_drum_shape.tex
[MODIFIED] /Users/meli/Desktop/Kevin/UCB/EECS 16A/questionBank/questionBank/hw/12/q_special_signals_deg.tex
  Changes: Updated 8 axis label node(s) with white background
[MODIFIED] /Users/meli/Desktop/Kevin/UCB/EECS 16A/questionBank/questionBank/hw/12/figs/complex_flow_graph.tex
  Changes: Updated 5 axis label node(s) with white background
[MODIFIED] /Users/meli/Desktop/Kevin/UCB/EECS 16A/questionBank/questionBank/hw/12/figs/simple_flow_graph.tex
  Changes: Updated 3 axis label node(s) with white background
[UNCHANGED] /Users/meli/Desktop/Kevin/UCB/EECS 16A/questionBank/questionBank/hw/12/q_segway_figs/cart_pole.tex
